000 (56142114.000.000) 05/14 14:01:09 Job submitted from host: <128.104.101.92:9618?addrs=128.104.101.92-9618+[2607-f388-107c-501-a036-9fff-fe3c-caa8]-9618&noUDP&sock=80160_0fa6_3>
    DAG Node: A
...
000 (56142114.001.000) 05/14 14:01:09 Job submitted from host: <128.104.101.92:9618?addrs=128.104.101.92-9618+[2607-f388-107c-501-a036-9fff-fe3c-caa8]-9618&noUDP&sock=80160_0fa6_3>
    DAG Node: A
...
000 (56142114.002.000) 05/14 14:01:09 Job submitted from host: <128.104.101.92:9618?addrs=128.104.101.92-9618+[2607-f388-107c-501-a036-9fff-fe3c-caa8]-9618&noUDP&sock=80160_0fa6_3>
    DAG Node: A
...
000 (56142114.003.000) 05/14 14:01:09 Job submitted from host: <128.104.101.92:9618?addrs=128.104.101.92-9618+[2607-f388-107c-501-a036-9fff-fe3c-caa8]-9618&noUDP&sock=80160_0fa6_3>
    DAG Node: A
...
000 (56142114.004.000) 05/14 14:01:09 Job submitted from host: <128.104.101.92:9618?addrs=128.104.101.92-9618+[2607-f388-107c-501-a036-9fff-fe3c-caa8]-9618&noUDP&sock=80160_0fa6_3>
    DAG Node: A
...
000 (56142114.005.000) 05/14 14:01:09 Job submitted from host: <128.104.101.92:9618?addrs=128.104.101.92-9618+[2607-f388-107c-501-a036-9fff-fe3c-caa8]-9618&noUDP&sock=80160_0fa6_3>
    DAG Node: A
...
000 (56142114.006.000) 05/14 14:01:09 Job submitted from host: <128.104.101.92:9618?addrs=128.104.101.92-9618+[2607-f388-107c-501-a036-9fff-fe3c-caa8]-9618&noUDP&sock=80160_0fa6_3>
    DAG Node: A
...
000 (56142114.007.000) 05/14 14:01:09 Job submitted from host: <128.104.101.92:9618?addrs=128.104.101.92-9618+[2607-f388-107c-501-a036-9fff-fe3c-caa8]-9618&noUDP&sock=80160_0fa6_3>
    DAG Node: A
...
000 (56142114.008.000) 05/14 14:01:09 Job submitted from host: <128.104.101.92:9618?addrs=128.104.101.92-9618+[2607-f388-107c-501-a036-9fff-fe3c-caa8]-9618&noUDP&sock=80160_0fa6_3>
    DAG Node: A
...
001 (56142114.000.000) 05/14 17:22:59 Job executing on host: <128.105.245.92:9618?addrs=128.105.245.92-9618&noUDP&sock=2828_59eb_29>
...
001 (56142114.001.000) 05/14 17:23:02 Job executing on host: <128.105.245.110:9618?addrs=128.105.245.110-9618&noUDP&sock=1103_250d_31>
...
006 (56142114.000.000) 05/14 17:23:07 Image size of job updated: 484
	1  -  MemoryUsage of job (MB)
	484  -  ResidentSetSize of job (KB)
...
006 (56142114.001.000) 05/14 17:23:11 Image size of job updated: 484
	1  -  MemoryUsage of job (MB)
	484  -  ResidentSetSize of job (KB)
...
001 (56142114.002.000) 05/14 17:25:44 Job executing on host: <128.105.245.155:9618?addrs=128.105.245.155-9618&noUDP&sock=14208_15af_30>
...
006 (56142114.002.000) 05/14 17:25:53 Image size of job updated: 488
	1  -  MemoryUsage of job (MB)
	488  -  ResidentSetSize of job (KB)
...
006 (56142114.000.000) 05/14 17:28:08 Image size of job updated: 1190804
	1163  -  MemoryUsage of job (MB)
	1190352  -  ResidentSetSize of job (KB)
...
006 (56142114.001.000) 05/14 17:28:11 Image size of job updated: 1199380
	1171  -  MemoryUsage of job (MB)
	1198928  -  ResidentSetSize of job (KB)
...
001 (56142114.003.000) 05/14 17:29:36 Job executing on host: <128.105.245.231:9618?addrs=128.105.245.231-9618&noUDP&sock=9927_acbe_29>
...
006 (56142114.003.000) 05/14 17:29:45 Image size of job updated: 564
	1  -  MemoryUsage of job (MB)
	480  -  ResidentSetSize of job (KB)
...
006 (56142114.002.000) 05/14 17:30:54 Image size of job updated: 1253600
	1224  -  MemoryUsage of job (MB)
	1253148  -  ResidentSetSize of job (KB)
...
001 (56142114.004.000) 05/14 17:31:17 Job executing on host: <128.105.245.155:9618?addrs=128.105.245.155-9618&noUDP&sock=14208_15af_30>
...
006 (56142114.004.000) 05/14 17:31:26 Image size of job updated: 484
	1  -  MemoryUsage of job (MB)
	484  -  ResidentSetSize of job (KB)
...
006 (56142114.000.000) 05/14 17:33:09 Image size of job updated: 1501216
	1466  -  MemoryUsage of job (MB)
	1500764  -  ResidentSetSize of job (KB)
...
006 (56142114.001.000) 05/14 17:33:11 Image size of job updated: 1489536
	1455  -  MemoryUsage of job (MB)
	1489084  -  ResidentSetSize of job (KB)
...
001 (56142114.005.000) 05/14 17:34:33 Job executing on host: <128.105.245.155:9618?addrs=128.105.245.155-9618&noUDP&sock=14208_15af_30>
...
006 (56142114.005.000) 05/14 17:34:42 Image size of job updated: 480
	1  -  MemoryUsage of job (MB)
	480  -  ResidentSetSize of job (KB)
...
006 (56142114.003.000) 05/14 17:34:45 Image size of job updated: 1203780
	1176  -  MemoryUsage of job (MB)
	1203320  -  ResidentSetSize of job (KB)
...
006 (56142114.002.000) 05/14 17:35:54 Image size of job updated: 1509768
	1474  -  MemoryUsage of job (MB)
	1509316  -  ResidentSetSize of job (KB)
...
006 (56142114.004.000) 05/14 17:36:26 Image size of job updated: 1193248
	1165  -  MemoryUsage of job (MB)
	1192796  -  ResidentSetSize of job (KB)
...
001 (56142114.007.000) 05/14 17:37:10 Job executing on host: <128.105.245.242:9618?addrs=128.105.245.242-9618&noUDP&sock=40211_fad8_29>
...
001 (56142114.006.000) 05/14 17:37:11 Job executing on host: <128.105.245.88:9618?addrs=128.105.245.88-9618&noUDP&sock=27622_f915_29>
...
006 (56142114.007.000) 05/14 17:37:18 Image size of job updated: 488
	1  -  MemoryUsage of job (MB)
	488  -  ResidentSetSize of job (KB)
...
006 (56142114.006.000) 05/14 17:37:19 Image size of job updated: 484
	1  -  MemoryUsage of job (MB)
	484  -  ResidentSetSize of job (KB)
...
006 (56142114.000.000) 05/14 17:38:09 Image size of job updated: 1982740
	1936  -  MemoryUsage of job (MB)
	1982288  -  ResidentSetSize of job (KB)
...
006 (56142114.001.000) 05/14 17:38:11 Image size of job updated: 1674092
	1635  -  MemoryUsage of job (MB)
	1673640  -  ResidentSetSize of job (KB)
...
006 (56142114.005.000) 05/14 17:39:42 Image size of job updated: 1122964
	1097  -  MemoryUsage of job (MB)
	1122512  -  ResidentSetSize of job (KB)
...
006 (56142114.003.000) 05/14 17:39:46 Image size of job updated: 1693572
	1654  -  MemoryUsage of job (MB)
	1693112  -  ResidentSetSize of job (KB)
...
006 (56142114.002.000) 05/14 17:40:55 Image size of job updated: 1875608
	1832  -  MemoryUsage of job (MB)
	1875156  -  ResidentSetSize of job (KB)
...
006 (56142114.004.000) 05/14 17:41:26 Image size of job updated: 1505248
	1470  -  MemoryUsage of job (MB)
	1504796  -  ResidentSetSize of job (KB)
...
006 (56142114.007.000) 05/14 17:42:19 Image size of job updated: 1126032
	1100  -  MemoryUsage of job (MB)
	1125580  -  ResidentSetSize of job (KB)
...
006 (56142114.006.000) 05/14 17:42:20 Image size of job updated: 1060976
	1036  -  MemoryUsage of job (MB)
	1060524  -  ResidentSetSize of job (KB)
...
006 (56142114.000.000) 05/14 17:43:09 Image size of job updated: 2316152
	2262  -  MemoryUsage of job (MB)
	2315700  -  ResidentSetSize of job (KB)
...
006 (56142114.001.000) 05/14 17:43:12 Image size of job updated: 2098344
	2049  -  MemoryUsage of job (MB)
	2097892  -  ResidentSetSize of job (KB)
...
006 (56142114.005.000) 05/14 17:44:42 Image size of job updated: 1613736
	1576  -  MemoryUsage of job (MB)
	1613284  -  ResidentSetSize of job (KB)
...
006 (56142114.003.000) 05/14 17:44:47 Image size of job updated: 1949548
	1904  -  MemoryUsage of job (MB)
	1949088  -  ResidentSetSize of job (KB)
...
006 (56142114.002.000) 05/14 17:45:56 Image size of job updated: 2320048
	2266  -  MemoryUsage of job (MB)
	2319596  -  ResidentSetSize of job (KB)
...
006 (56142114.004.000) 05/14 17:46:27 Image size of job updated: 1717956
	1678  -  MemoryUsage of job (MB)
	1717504  -  ResidentSetSize of job (KB)
...
006 (56142114.007.000) 05/14 17:47:20 Image size of job updated: 1625408
	1587  -  MemoryUsage of job (MB)
	1624956  -  ResidentSetSize of job (KB)
...
006 (56142114.006.000) 05/14 17:47:20 Image size of job updated: 1483016
	1448  -  MemoryUsage of job (MB)
	1482564  -  ResidentSetSize of job (KB)
...
006 (56142114.000.000) 05/14 17:48:10 Image size of job updated: 2547452
	2488  -  MemoryUsage of job (MB)
	2547000  -  ResidentSetSize of job (KB)
...
006 (56142114.001.000) 05/14 17:48:13 Image size of job updated: 2397468
	2341  -  MemoryUsage of job (MB)
	2397016  -  ResidentSetSize of job (KB)
...
001 (56142114.008.000) 05/14 17:48:21 Job executing on host: <128.105.245.145:9618?addrs=128.105.245.145-9618&noUDP&sock=16950_de5e_29>
...
006 (56142114.008.000) 05/14 17:48:30 Image size of job updated: 488
	1  -  MemoryUsage of job (MB)
	488  -  ResidentSetSize of job (KB)
...
006 (56142114.005.000) 05/14 17:49:42 Image size of job updated: 2066976
	2019  -  MemoryUsage of job (MB)
	2066524  -  ResidentSetSize of job (KB)
...
006 (56142114.003.000) 05/14 17:49:47 Image size of job updated: 1996304
	1950  -  MemoryUsage of job (MB)
	1995844  -  ResidentSetSize of job (KB)
...
006 (56142114.002.000) 05/14 17:50:56 Image size of job updated: 2558472
	2499  -  MemoryUsage of job (MB)
	2558020  -  ResidentSetSize of job (KB)
...
006 (56142114.004.000) 05/14 17:51:28 Image size of job updated: 2277604
	2224  -  MemoryUsage of job (MB)
	2277152  -  ResidentSetSize of job (KB)
...
006 (56142114.007.000) 05/14 17:52:20 Image size of job updated: 1848640
	1805  -  MemoryUsage of job (MB)
	1848188  -  ResidentSetSize of job (KB)
...
006 (56142114.006.000) 05/14 17:52:20 Image size of job updated: 1730996
	1690  -  MemoryUsage of job (MB)
	1730544  -  ResidentSetSize of job (KB)
...
006 (56142114.000.000) 05/14 17:53:11 Image size of job updated: 2618672
	2557  -  MemoryUsage of job (MB)
	2618220  -  ResidentSetSize of job (KB)
...
006 (56142114.001.000) 05/14 17:53:13 Image size of job updated: 2619308
	2558  -  MemoryUsage of job (MB)
	2618856  -  ResidentSetSize of job (KB)
...
006 (56142114.008.000) 05/14 17:53:29 Image size of job updated: 1023760
	1000  -  MemoryUsage of job (MB)
	1023308  -  ResidentSetSize of job (KB)
...
006 (56142114.005.000) 05/14 17:54:43 Image size of job updated: 2301576
	2248  -  MemoryUsage of job (MB)
	2301124  -  ResidentSetSize of job (KB)
...
006 (56142114.003.000) 05/14 17:54:47 Image size of job updated: 2510316
	2452  -  MemoryUsage of job (MB)
	2509856  -  ResidentSetSize of job (KB)
...
006 (56142114.004.000) 05/14 17:56:28 Image size of job updated: 2296228
	2242  -  MemoryUsage of job (MB)
	2295776  -  ResidentSetSize of job (KB)
...
006 (56142114.007.000) 05/14 17:57:21 Image size of job updated: 2175088
	2124  -  MemoryUsage of job (MB)
	2174636  -  ResidentSetSize of job (KB)
...
006 (56142114.006.000) 05/14 17:57:21 Image size of job updated: 1938416
	1893  -  MemoryUsage of job (MB)
	1937964  -  ResidentSetSize of job (KB)
...
006 (56142114.000.000) 05/14 17:58:08 Image size of job updated: 2880512
	2557  -  MemoryUsage of job (MB)
	2618296  -  ResidentSetSize of job (KB)
...
005 (56142114.000.000) 05/14 17:58:08 Job terminated.
	(1) Normal termination (return value 0)
		Usr 0 00:35:03, Sys 0 00:01:08  -  Run Remote Usage
		Usr 0 00:00:00, Sys 0 00:00:00  -  Run Local Usage
		Usr 0 00:35:03, Sys 0 00:01:08  -  Total Remote Usage
		Usr 0 00:00:00, Sys 0 00:00:00  -  Total Local Usage
	56298  -  Run Bytes Sent By Job
	77532184  -  Run Bytes Received By Job
	56298  -  Total Bytes Sent By Job
	77532184  -  Total Bytes Received By Job
	Partitionable Resources :       Usage  Request Allocated 
	   Cpus                 :        0.44        8         8 
	   Disk (KB)            : 10889162          30    326569 
	   Ioheavy              :                              0 
	   Memory (MB)          :     2557       32768     32768 
...
006 (56142114.001.000) 05/14 17:58:14 Image size of job updated: 2740804
	2677  -  MemoryUsage of job (MB)
	2740352  -  ResidentSetSize of job (KB)
...
006 (56142114.008.000) 05/14 17:58:30 Image size of job updated: 1134644
	1108  -  MemoryUsage of job (MB)
	1134192  -  ResidentSetSize of job (KB)
...
006 (56142114.005.000) 05/14 17:59:44 Image size of job updated: 2499316
	2441  -  MemoryUsage of job (MB)
	2498864  -  ResidentSetSize of job (KB)
...
006 (56142114.003.000) 05/14 17:59:48 Image size of job updated: 2591800
	2531  -  MemoryUsage of job (MB)
	2591340  -  ResidentSetSize of job (KB)
...
006 (56142114.002.000) 05/14 18:00:57 Image size of job updated: 2904200
	2499  -  MemoryUsage of job (MB)
	2558020  -  ResidentSetSize of job (KB)
...
006 (56142114.004.000) 05/14 18:01:28 Image size of job updated: 2685212
	2622  -  MemoryUsage of job (MB)
	2684760  -  ResidentSetSize of job (KB)
...
005 (56142114.002.000) 05/14 18:01:51 Job terminated.
	(1) Normal termination (return value 0)
		Usr 0 00:36:45, Sys 0 00:01:11  -  Run Remote Usage
		Usr 0 00:00:00, Sys 0 00:00:00  -  Run Local Usage
		Usr 0 00:36:45, Sys 0 00:01:11  -  Total Remote Usage
		Usr 0 00:00:00, Sys 0 00:00:00  -  Total Local Usage
	56298  -  Run Bytes Sent By Job
	77532184  -  Run Bytes Received By Job
	56298  -  Total Bytes Sent By Job
	77532184  -  Total Bytes Received By Job
	Partitionable Resources :       Usage  Request Allocated 
	   Cpus                 :        0.99        8         8 
	   Disk (KB)            : 10774830          30    325843 
	   Ioheavy              :                              0 
	   Memory (MB)          :     2499       32768     32768 
...
006 (56142114.007.000) 05/14 18:02:22 Image size of job updated: 2395828
	2340  -  MemoryUsage of job (MB)
	2395376  -  ResidentSetSize of job (KB)
...
006 (56142114.006.000) 05/14 18:02:22 Image size of job updated: 2319312
	2265  -  MemoryUsage of job (MB)
	2318860  -  ResidentSetSize of job (KB)
...
006 (56142114.008.000) 05/14 18:03:30 Image size of job updated: 1604680
	1567  -  MemoryUsage of job (MB)
	1604228  -  ResidentSetSize of job (KB)
...
006 (56142114.005.000) 05/14 18:04:44 Image size of job updated: 2523396
	2441  -  MemoryUsage of job (MB)
	2498864  -  ResidentSetSize of job (KB)
...
006 (56142114.003.000) 05/14 18:04:49 Image size of job updated: 2654108
	2592  -  MemoryUsage of job (MB)
	2653648  -  ResidentSetSize of job (KB)
...
006 (56142114.007.000) 05/14 18:07:22 Image size of job updated: 2483208
	2425  -  MemoryUsage of job (MB)
	2482756  -  ResidentSetSize of job (KB)
...
006 (56142114.006.000) 05/14 18:07:22 Image size of job updated: 2725208
	2661  -  MemoryUsage of job (MB)
	2724756  -  ResidentSetSize of job (KB)
...
005 (56142114.005.000) 05/14 18:07:35 Job terminated.
	(1) Normal termination (return value 0)
		Usr 0 00:35:07, Sys 0 00:01:01  -  Run Remote Usage
		Usr 0 00:00:00, Sys 0 00:00:00  -  Run Local Usage
		Usr 0 00:35:07, Sys 0 00:01:01  -  Total Remote Usage
		Usr 0 00:00:00, Sys 0 00:00:00  -  Total Local Usage
	56281  -  Run Bytes Sent By Job
	77532184  -  Run Bytes Received By Job
	56281  -  Total Bytes Sent By Job
	77532184  -  Total Bytes Received By Job
	Partitionable Resources :       Usage  Request Allocated 
	   Cpus                 :        0.77        8         8 
	   Disk (KB)            : 10764684          30    320817 
	   Ioheavy              :                              0 
	   Memory (MB)          :     2441       32768     32768 
...
005 (56142114.001.000) 05/14 18:07:35 Job terminated.
	(1) Normal termination (return value 0)
		Usr 0 00:44:29, Sys 0 00:01:25  -  Run Remote Usage
		Usr 0 00:00:00, Sys 0 00:00:00  -  Run Local Usage
		Usr 0 00:44:29, Sys 0 00:01:25  -  Total Remote Usage
		Usr 0 00:00:00, Sys 0 00:00:00  -  Total Local Usage
	56300  -  Run Bytes Sent By Job
	77532184  -  Run Bytes Received By Job
	56300  -  Total Bytes Sent By Job
	77532184  -  Total Bytes Received By Job
	Partitionable Resources :       Usage  Request Allocated 
	   Cpus                 :        0.30        8         8 
	   Disk (KB)            : 10808704          30    322169 
	   Ioheavy              :                              0 
	   Memory (MB)          :     2677       32768     32768 
...
005 (56142114.004.000) 05/14 18:09:48 Job terminated.
	(1) Normal termination (return value 0)
		Usr 0 00:37:34, Sys 0 00:01:12  -  Run Remote Usage
		Usr 0 00:00:00, Sys 0 00:00:00  -  Run Local Usage
		Usr 0 00:37:34, Sys 0 00:01:12  -  Total Remote Usage
		Usr 0 00:00:00, Sys 0 00:00:00  -  Total Local Usage
	56290  -  Run Bytes Sent By Job
	77532184  -  Run Bytes Received By Job
	56290  -  Total Bytes Sent By Job
	77532184  -  Total Bytes Received By Job
	Partitionable Resources :       Usage  Request Allocated 
	   Cpus                 :        0.09        8         8 
	   Disk (KB)            : 10761938          30    323322 
	   Ioheavy              :                              0 
	   Memory (MB)          :     2622       32768     32768 
...
005 (56142114.003.000) 05/14 18:11:29 Job terminated.
	(1) Normal termination (return value 0)
		Usr 0 00:41:59, Sys 0 00:02:17  -  Run Remote Usage
		Usr 0 00:00:00, Sys 0 00:00:00  -  Run Local Usage
		Usr 0 00:41:59, Sys 0 00:02:17  -  Total Remote Usage
		Usr 0 00:00:00, Sys 0 00:00:00  -  Total Local Usage
	56295  -  Run Bytes Sent By Job
	77532184  -  Run Bytes Received By Job
	56295  -  Total Bytes Sent By Job
	77532184  -  Total Bytes Received By Job
	Partitionable Resources :       Usage  Request Allocated 
	   Cpus                 :        0.33        8         8 
	   Disk (KB)            : 10763140          30    321372 
	   Ioheavy              :                              0 
	   Memory (MB)          :     2592       32768     32768 
...
006 (56142114.007.000) 05/14 18:12:22 Image size of job updated: 2572692
	2425  -  MemoryUsage of job (MB)
	2482756  -  ResidentSetSize of job (KB)
...
006 (56142114.008.000) 05/14 18:13:31 Image size of job updated: 1714100
	1674  -  MemoryUsage of job (MB)
	1713648  -  ResidentSetSize of job (KB)
...
005 (56142114.007.000) 05/14 18:13:48 Job terminated.
	(1) Normal termination (return value 0)
		Usr 0 00:56:37, Sys 0 00:01:12  -  Run Remote Usage
		Usr 0 00:00:00, Sys 0 00:00:00  -  Run Local Usage
		Usr 0 00:56:37, Sys 0 00:01:12  -  Total Remote Usage
		Usr 0 00:00:00, Sys 0 00:00:00  -  Total Local Usage
	56251  -  Run Bytes Sent By Job
	77532184  -  Run Bytes Received By Job
	56251  -  Total Bytes Sent By Job
	77532184  -  Total Bytes Received By Job
	Partitionable Resources :       Usage  Request Allocated 
	   Cpus                 :        0.34        8         8 
	   Disk (KB)            : 10777301          30    329285 
	   Ioheavy              :                              0 
	   Memory (MB)          :     2425       32768     32768 
...
005 (56142114.006.000) 05/14 18:16:10 Job terminated.
	(1) Normal termination (return value 0)
		Usr 0 00:57:49, Sys 0 00:01:11  -  Run Remote Usage
		Usr 0 00:00:00, Sys 0 00:00:00  -  Run Local Usage
		Usr 0 00:57:49, Sys 0 00:01:11  -  Total Remote Usage
		Usr 0 00:00:00, Sys 0 00:00:00  -  Total Local Usage
	56244  -  Run Bytes Sent By Job
	77532184  -  Run Bytes Received By Job
	56244  -  Total Bytes Sent By Job
	77532184  -  Total Bytes Received By Job
	Partitionable Resources :       Usage  Request Allocated 
	   Cpus                 :        1.03        8         8 
	   Disk (KB)            : 10769039          30    273582 
	   Ioheavy              :                              0 
	   Memory (MB)          :     2661       32768     32768 
...
006 (56142114.008.000) 05/14 18:18:32 Image size of job updated: 1769692
	1728  -  MemoryUsage of job (MB)
	1769240  -  ResidentSetSize of job (KB)
...
006 (56142114.008.000) 05/14 18:23:32 Image size of job updated: 1876360
	1832  -  MemoryUsage of job (MB)
	1875908  -  ResidentSetSize of job (KB)
...
006 (56142114.008.000) 05/14 18:28:33 Image size of job updated: 2092824
	2044  -  MemoryUsage of job (MB)
	2092372  -  ResidentSetSize of job (KB)
...
006 (56142114.008.000) 05/14 18:33:34 Image size of job updated: 2103716
	2054  -  MemoryUsage of job (MB)
	2103264  -  ResidentSetSize of job (KB)
...
006 (56142114.008.000) 05/14 18:38:34 Image size of job updated: 2450128
	2393  -  MemoryUsage of job (MB)
	2449676  -  ResidentSetSize of job (KB)
...
006 (56142114.008.000) 05/14 18:43:35 Image size of job updated: 2450128
	2393  -  MemoryUsage of job (MB)
	2449680  -  ResidentSetSize of job (KB)
...
006 (56142114.008.000) 05/14 19:03:38 Image size of job updated: 2475276
	2417  -  MemoryUsage of job (MB)
	2474824  -  ResidentSetSize of job (KB)
...
006 (56142114.008.000) 05/14 19:08:38 Image size of job updated: 2546360
	2487  -  MemoryUsage of job (MB)
	2545908  -  ResidentSetSize of job (KB)
...
006 (56142114.008.000) 05/14 19:13:39 Image size of job updated: 2547704
	2488  -  MemoryUsage of job (MB)
	2547252  -  ResidentSetSize of job (KB)
...
006 (56142114.008.000) 05/14 19:18:40 Image size of job updated: 2621612
	2488  -  MemoryUsage of job (MB)
	2547252  -  ResidentSetSize of job (KB)
...
005 (56142114.008.000) 05/14 19:22:22 Job terminated.
	(1) Normal termination (return value 0)
		Usr 0 05:55:11, Sys 0 00:01:28  -  Run Remote Usage
		Usr 0 00:00:00, Sys 0 00:00:00  -  Run Local Usage
		Usr 0 05:55:11, Sys 0 00:01:28  -  Total Remote Usage
		Usr 0 00:00:00, Sys 0 00:00:00  -  Total Local Usage
	56220  -  Run Bytes Sent By Job
	77532184  -  Run Bytes Received By Job
	56220  -  Total Bytes Sent By Job
	77532184  -  Total Bytes Received By Job
	Partitionable Resources :       Usage  Request Allocated 
	   Cpus                 :        0.98        8         8 
	   Disk (KB)            : 10786187          30    317911 
	   Ioheavy              :                              0 
	   Memory (MB)          :     2488       32768     32768 
...
