000 (56141135.000.000) 05/10 12:51:18 Job submitted from host: <128.104.101.92:9618?addrs=128.104.101.92-9618+[2607-f388-107c-501-a036-9fff-fe3c-caa8]-9618&noUDP&sock=80160_0fa6_3>
    DAG Node: A
...
000 (56141135.001.000) 05/10 12:51:18 Job submitted from host: <128.104.101.92:9618?addrs=128.104.101.92-9618+[2607-f388-107c-501-a036-9fff-fe3c-caa8]-9618&noUDP&sock=80160_0fa6_3>
    DAG Node: A
...
000 (56141135.002.000) 05/10 12:51:18 Job submitted from host: <128.104.101.92:9618?addrs=128.104.101.92-9618+[2607-f388-107c-501-a036-9fff-fe3c-caa8]-9618&noUDP&sock=80160_0fa6_3>
    DAG Node: A
...
000 (56141135.003.000) 05/10 12:51:18 Job submitted from host: <128.104.101.92:9618?addrs=128.104.101.92-9618+[2607-f388-107c-501-a036-9fff-fe3c-caa8]-9618&noUDP&sock=80160_0fa6_3>
    DAG Node: A
...
000 (56141135.004.000) 05/10 12:51:18 Job submitted from host: <128.104.101.92:9618?addrs=128.104.101.92-9618+[2607-f388-107c-501-a036-9fff-fe3c-caa8]-9618&noUDP&sock=80160_0fa6_3>
    DAG Node: A
...
000 (56141135.005.000) 05/10 12:51:18 Job submitted from host: <128.104.101.92:9618?addrs=128.104.101.92-9618+[2607-f388-107c-501-a036-9fff-fe3c-caa8]-9618&noUDP&sock=80160_0fa6_3>
    DAG Node: A
...
000 (56141135.006.000) 05/10 12:51:18 Job submitted from host: <128.104.101.92:9618?addrs=128.104.101.92-9618+[2607-f388-107c-501-a036-9fff-fe3c-caa8]-9618&noUDP&sock=80160_0fa6_3>
    DAG Node: A
...
000 (56141135.007.000) 05/10 12:51:18 Job submitted from host: <128.104.101.92:9618?addrs=128.104.101.92-9618+[2607-f388-107c-501-a036-9fff-fe3c-caa8]-9618&noUDP&sock=80160_0fa6_3>
    DAG Node: A
...
000 (56141135.008.000) 05/10 12:51:18 Job submitted from host: <128.104.101.92:9618?addrs=128.104.101.92-9618+[2607-f388-107c-501-a036-9fff-fe3c-caa8]-9618&noUDP&sock=80160_0fa6_3>
    DAG Node: A
...
000 (56141135.009.000) 05/10 12:51:18 Job submitted from host: <128.104.101.92:9618?addrs=128.104.101.92-9618+[2607-f388-107c-501-a036-9fff-fe3c-caa8]-9618&noUDP&sock=80160_0fa6_3>
    DAG Node: A
...
001 (56141135.000.000) 05/10 14:41:19 Job executing on host: <128.105.245.232:9618?addrs=128.105.245.232-9618&noUDP&sock=5406_a513_30>
...
006 (56141135.000.000) 05/10 14:41:28 Image size of job updated: 456
	1  -  MemoryUsage of job (MB)
	440  -  ResidentSetSize of job (KB)
...
006 (56141135.000.000) 05/10 14:51:28 Image size of job updated: 548
	1  -  MemoryUsage of job (MB)
	532  -  ResidentSetSize of job (KB)
...
006 (56141135.000.000) 05/10 14:56:30 Image size of job updated: 711064
	694  -  MemoryUsage of job (MB)
	710640  -  ResidentSetSize of job (KB)
...
006 (56141135.000.000) 05/10 15:01:30 Image size of job updated: 711064
	696  -  MemoryUsage of job (MB)
	711696  -  ResidentSetSize of job (KB)
...
006 (56141135.000.000) 05/10 15:06:30 Image size of job updated: 1535008
	1499  -  MemoryUsage of job (MB)
	1534500  -  ResidentSetSize of job (KB)
...
006 (56141135.000.000) 05/10 15:21:31 Image size of job updated: 1546896
	1511  -  MemoryUsage of job (MB)
	1546388  -  ResidentSetSize of job (KB)
...
006 (56141135.000.000) 05/10 15:26:32 Image size of job updated: 1756856
	1716  -  MemoryUsage of job (MB)
	1756348  -  ResidentSetSize of job (KB)
...
006 (56141135.000.000) 05/10 15:51:33 Image size of job updated: 1890212
	1846  -  MemoryUsage of job (MB)
	1889704  -  ResidentSetSize of job (KB)
...
006 (56141135.000.000) 05/10 16:11:35 Image size of job updated: 2958436
	2889  -  MemoryUsage of job (MB)
	2957924  -  ResidentSetSize of job (KB)
...
006 (56141135.000.000) 05/10 17:46:45 Image size of job updated: 3205540
	3130  -  MemoryUsage of job (MB)
	3205032  -  ResidentSetSize of job (KB)
...
006 (56141135.000.000) 05/10 18:11:48 Image size of job updated: 3804232
	3715  -  MemoryUsage of job (MB)
	3803720  -  ResidentSetSize of job (KB)
...
005 (56141135.000.000) 05/10 20:27:32 Job terminated.
	(1) Normal termination (return value 0)
		Usr 0 09:18:48, Sys 0 00:08:17  -  Run Remote Usage
		Usr 0 00:00:00, Sys 0 00:00:00  -  Run Local Usage
		Usr 0 09:18:48, Sys 0 00:08:17  -  Total Remote Usage
		Usr 0 00:00:00, Sys 0 00:00:00  -  Total Local Usage
	265966  -  Run Bytes Sent By Job
	77548264  -  Run Bytes Received By Job
	265966  -  Total Bytes Sent By Job
	77548264  -  Total Bytes Received By Job
	Partitionable Resources :       Usage  Request Allocated 
	   Cpus                 :        0.93       16        16 
	   Disk (KB)            : 27995592          30    379557 
	   Ioheavy              :                              0 
	   Memory (MB)          :     3715       49152     49152 
...
001 (56141135.001.000) 05/10 20:27:41 Job executing on host: <128.105.245.232:9618?addrs=128.105.245.232-9618&noUDP&sock=5406_a513_30>
...
006 (56141135.001.000) 05/10 20:27:49 Image size of job updated: 452
	1  -  MemoryUsage of job (MB)
	436  -  ResidentSetSize of job (KB)
...
006 (56141135.001.000) 05/10 20:37:49 Image size of job updated: 536
	1  -  MemoryUsage of job (MB)
	520  -  ResidentSetSize of job (KB)
...
006 (56141135.001.000) 05/10 20:47:51 Image size of job updated: 1673964
	1635  -  MemoryUsage of job (MB)
	1673452  -  ResidentSetSize of job (KB)
...
006 (56141135.001.000) 05/10 21:17:54 Image size of job updated: 1792860
	1751  -  MemoryUsage of job (MB)
	1792348  -  ResidentSetSize of job (KB)
...
006 (56141135.001.000) 05/10 21:42:56 Image size of job updated: 2047988
	2000  -  MemoryUsage of job (MB)
	2047480  -  ResidentSetSize of job (KB)
...
001 (56141135.002.000) 05/10 21:48:08 Job executing on host: <128.105.245.198:9618?addrs=128.105.245.198-9618&noUDP&sock=25034_d1fb_29>
...
001 (56141135.003.000) 05/10 21:48:09 Job executing on host: <128.105.245.198:9618?addrs=128.105.245.198-9618&noUDP&sock=25034_d1fb_29>
...
006 (56141135.002.000) 05/10 21:48:17 Image size of job updated: 500
	1  -  MemoryUsage of job (MB)
	500  -  ResidentSetSize of job (KB)
...
006 (56141135.003.000) 05/10 21:48:18 Image size of job updated: 492
	1  -  MemoryUsage of job (MB)
	492  -  ResidentSetSize of job (KB)
...
006 (56141135.001.000) 05/10 22:02:59 Image size of job updated: 2895612
	2828  -  MemoryUsage of job (MB)
	2895104  -  ResidentSetSize of job (KB)
...
006 (56141135.003.000) 05/10 22:03:21 Image size of job updated: 33572
	33  -  MemoryUsage of job (MB)
	33204  -  ResidentSetSize of job (KB)
...
006 (56141135.002.000) 05/10 22:08:21 Image size of job updated: 186076
	182  -  MemoryUsage of job (MB)
	185544  -  ResidentSetSize of job (KB)
...
006 (56141135.003.000) 05/10 22:08:21 Image size of job updated: 253200
	247  -  MemoryUsage of job (MB)
	252756  -  ResidentSetSize of job (KB)
...
006 (56141135.002.000) 05/10 22:13:21 Image size of job updated: 1269984
	1240  -  MemoryUsage of job (MB)
	1269468  -  ResidentSetSize of job (KB)
...
006 (56141135.003.000) 05/10 22:13:21 Image size of job updated: 1607568
	1570  -  MemoryUsage of job (MB)
	1607076  -  ResidentSetSize of job (KB)
...
006 (56141135.002.000) 05/10 22:28:23 Image size of job updated: 1453572
	1419  -  MemoryUsage of job (MB)
	1453040  -  ResidentSetSize of job (KB)
...
006 (56141135.003.000) 05/10 22:33:22 Image size of job updated: 1843900
	1801  -  MemoryUsage of job (MB)
	1843408  -  ResidentSetSize of job (KB)
...
006 (56141135.002.000) 05/10 22:33:23 Image size of job updated: 1806924
	1765  -  MemoryUsage of job (MB)
	1806392  -  ResidentSetSize of job (KB)
...
006 (56141135.003.000) 05/10 22:58:26 Image size of job updated: 1959444
	1914  -  MemoryUsage of job (MB)
	1958948  -  ResidentSetSize of job (KB)
...
006 (56141135.002.000) 05/10 23:08:25 Image size of job updated: 1879416
	1835  -  MemoryUsage of job (MB)
	1878880  -  ResidentSetSize of job (KB)
...
006 (56141135.002.000) 05/10 23:13:27 Image size of job updated: 2298408
	2245  -  MemoryUsage of job (MB)
	2297888  -  ResidentSetSize of job (KB)
...
006 (56141135.003.000) 05/10 23:13:28 Image size of job updated: 2423432
	2367  -  MemoryUsage of job (MB)
	2422952  -  ResidentSetSize of job (KB)
...
006 (56141135.001.000) 05/10 23:48:11 Image size of job updated: 3101096
	3028  -  MemoryUsage of job (MB)
	3100584  -  ResidentSetSize of job (KB)
...
006 (56141135.001.000) 05/11 00:23:14 Image size of job updated: 3220308
	3145  -  MemoryUsage of job (MB)
	3219800  -  ResidentSetSize of job (KB)
...
006 (56141135.003.000) 05/11 00:48:37 Image size of job updated: 2913608
	2845  -  MemoryUsage of job (MB)
	2913116  -  ResidentSetSize of job (KB)
...
006 (56141135.002.000) 05/11 00:48:38 Image size of job updated: 3104016
	3031  -  MemoryUsage of job (MB)
	3103484  -  ResidentSetSize of job (KB)
...
006 (56141135.001.000) 05/11 00:58:18 Image size of job updated: 3537804
	3455  -  MemoryUsage of job (MB)
	3537300  -  ResidentSetSize of job (KB)
...
006 (56141135.001.000) 05/11 01:03:18 Image size of job updated: 3537804
	3457  -  MemoryUsage of job (MB)
	3539056  -  ResidentSetSize of job (KB)
...
006 (56141135.002.000) 05/11 01:08:39 Image size of job updated: 3689308
	3603  -  MemoryUsage of job (MB)
	3688776  -  ResidentSetSize of job (KB)
...
006 (56141135.003.000) 05/11 01:08:39 Image size of job updated: 3012456
	2942  -  MemoryUsage of job (MB)
	3011992  -  ResidentSetSize of job (KB)
...
006 (56141135.003.000) 05/11 01:23:41 Image size of job updated: 3211260
	3136  -  MemoryUsage of job (MB)
	3210764  -  ResidentSetSize of job (KB)
...
001 (56141135.004.000) 05/11 01:30:45 Job executing on host: <128.105.245.72:9618?addrs=128.105.245.72-9618&noUDP&sock=23819_6e69_29>
...
006 (56141135.004.000) 05/11 01:30:56 Image size of job updated: 500
	1  -  MemoryUsage of job (MB)
	496  -  ResidentSetSize of job (KB)
...
006 (56141135.004.000) 05/11 01:35:55 Image size of job updated: 616
	1  -  MemoryUsage of job (MB)
	616  -  ResidentSetSize of job (KB)
...
006 (56141135.004.000) 05/11 01:40:56 Image size of job updated: 1272040
	1242  -  MemoryUsage of job (MB)
	1271224  -  ResidentSetSize of job (KB)
...
006 (56141135.004.000) 05/11 01:55:57 Image size of job updated: 1442200
	1408  -  MemoryUsage of job (MB)
	1441128  -  ResidentSetSize of job (KB)
...
006 (56141135.004.000) 05/11 02:05:57 Image size of job updated: 1468020
	1433  -  MemoryUsage of job (MB)
	1466952  -  ResidentSetSize of job (KB)
...
006 (56141135.004.000) 05/11 02:15:59 Image size of job updated: 2022360
	1974  -  MemoryUsage of job (MB)
	2021288  -  ResidentSetSize of job (KB)
...
001 (56141135.005.000) 05/11 02:17:50 Job executing on host: <128.105.245.87:9618?addrs=128.105.245.87-9618&noUDP&sock=8289_249d_3>
...
001 (56141135.006.000) 05/11 02:17:51 Job executing on host: <128.105.245.87:9618?addrs=128.105.245.87-9618&noUDP&sock=8289_249d_3>
...
006 (56141135.005.000) 05/11 02:17:59 Image size of job updated: 492
	1  -  MemoryUsage of job (MB)
	492  -  ResidentSetSize of job (KB)
...
006 (56141135.006.000) 05/11 02:18:00 Image size of job updated: 600
	1  -  MemoryUsage of job (MB)
	600  -  ResidentSetSize of job (KB)
...
006 (56141135.005.000) 05/11 02:27:59 Image size of job updated: 600
	1  -  MemoryUsage of job (MB)
	600  -  ResidentSetSize of job (KB)
...
006 (56141135.006.000) 05/11 02:28:00 Image size of job updated: 604
	1  -  MemoryUsage of job (MB)
	604  -  ResidentSetSize of job (KB)
...
005 (56141135.001.000) 05/11 02:28:49 Job terminated.
	(1) Normal termination (return value 0)
		Usr 0 09:44:49, Sys 0 00:09:34  -  Run Remote Usage
		Usr 0 00:00:00, Sys 0 00:00:00  -  Run Local Usage
		Usr 0 09:44:49, Sys 0 00:09:34  -  Total Remote Usage
		Usr 0 00:00:00, Sys 0 00:00:00  -  Total Local Usage
	266049  -  Run Bytes Sent By Job
	77548264  -  Run Bytes Received By Job
	266049  -  Total Bytes Sent By Job
	77548264  -  Total Bytes Received By Job
	Partitionable Resources :       Usage  Request Allocated 
	   Cpus                 :        1.03       16        16 
	   Disk (KB)            : 27916611          30    366743 
	   Ioheavy              :                              0 
	   Memory (MB)          :     3457       49152     49152 
...
001 (56141135.007.000) 05/11 02:28:57 Job executing on host: <128.105.245.232:9618?addrs=128.105.245.232-9618&noUDP&sock=5406_a513_30>
...
006 (56141135.007.000) 05/11 02:29:06 Image size of job updated: 452
	1  -  MemoryUsage of job (MB)
	436  -  ResidentSetSize of job (KB)
...
006 (56141135.004.000) 05/11 02:31:01 Image size of job updated: 2683324
	2620  -  MemoryUsage of job (MB)
	2682252  -  ResidentSetSize of job (KB)
...
006 (56141135.005.000) 05/11 02:38:00 Image size of job updated: 21260
	21  -  MemoryUsage of job (MB)
	20892  -  ResidentSetSize of job (KB)
...
006 (56141135.006.000) 05/11 02:38:02 Image size of job updated: 1063856
	1039  -  MemoryUsage of job (MB)
	1063412  -  ResidentSetSize of job (KB)
...
006 (56141135.005.000) 05/11 02:43:02 Image size of job updated: 722316
	705  -  MemoryUsage of job (MB)
	721856  -  ResidentSetSize of job (KB)
...
006 (56141135.006.000) 05/11 02:43:02 Image size of job updated: 1151756
	1125  -  MemoryUsage of job (MB)
	1151292  -  ResidentSetSize of job (KB)
...
006 (56141135.007.000) 05/11 02:44:08 Image size of job updated: 1151452
	1124  -  MemoryUsage of job (MB)
	1150972  -  ResidentSetSize of job (KB)
...
006 (56141135.005.000) 05/11 02:48:02 Image size of job updated: 722316
	706  -  MemoryUsage of job (MB)
	721960  -  ResidentSetSize of job (KB)
...
006 (56141135.006.000) 05/11 02:48:02 Image size of job updated: 1153116
	1126  -  MemoryUsage of job (MB)
	1152652  -  ResidentSetSize of job (KB)
...
006 (56141135.007.000) 05/11 02:49:08 Image size of job updated: 1153336
	1126  -  MemoryUsage of job (MB)
	1152856  -  ResidentSetSize of job (KB)
...
006 (56141135.005.000) 05/11 02:53:02 Image size of job updated: 908424
	887  -  MemoryUsage of job (MB)
	907928  -  ResidentSetSize of job (KB)
...
006 (56141135.006.000) 05/11 02:53:04 Image size of job updated: 1154564
	1128  -  MemoryUsage of job (MB)
	1154100  -  ResidentSetSize of job (KB)
...
006 (56141135.007.000) 05/11 02:54:08 Image size of job updated: 1154648
	1128  -  MemoryUsage of job (MB)
	1154168  -  ResidentSetSize of job (KB)
...
006 (56141135.005.000) 05/11 02:58:04 Image size of job updated: 1449124
	1415  -  MemoryUsage of job (MB)
	1448628  -  ResidentSetSize of job (KB)
...
006 (56141135.006.000) 05/11 02:58:04 Image size of job updated: 1158704
	1132  -  MemoryUsage of job (MB)
	1158228  -  ResidentSetSize of job (KB)
...
006 (56141135.007.000) 05/11 02:59:08 Image size of job updated: 1628904
	1591  -  MemoryUsage of job (MB)
	1628396  -  ResidentSetSize of job (KB)
...
005 (56141135.002.000) 05/11 03:16:16 Job terminated.
	(1) Normal termination (return value 0)
		Usr 0 08:53:18, Sys 0 00:10:18  -  Run Remote Usage
		Usr 0 00:00:00, Sys 0 00:00:00  -  Run Local Usage
		Usr 0 08:53:18, Sys 0 00:10:18  -  Total Remote Usage
		Usr 0 00:00:00, Sys 0 00:00:00  -  Total Local Usage
	266076  -  Run Bytes Sent By Job
	77548264  -  Run Bytes Received By Job
	266076  -  Total Bytes Sent By Job
	77548264  -  Total Bytes Received By Job
	Partitionable Resources :       Usage  Request Allocated 
	   Cpus                 :        1.00       16        16 
	   Disk (KB)            : 27883272          30    366520 
	   Ioheavy              :                              0 
	   Memory (MB)          :     3603       49152     49152 
...
001 (56141135.008.000) 05/11 03:16:29 Job executing on host: <128.105.245.198:9618?addrs=128.105.245.198-9618&noUDP&sock=25034_d1fb_29>
...
006 (56141135.008.000) 05/11 03:16:37 Image size of job updated: 420
	1  -  MemoryUsage of job (MB)
	420  -  ResidentSetSize of job (KB)
...
005 (56141135.003.000) 05/11 03:17:39 Job terminated.
	(1) Normal termination (return value 0)
		Usr 0 10:17:21, Sys 0 00:09:08  -  Run Remote Usage
		Usr 0 00:00:00, Sys 0 00:00:00  -  Run Local Usage
		Usr 0 10:17:21, Sys 0 00:09:08  -  Total Remote Usage
		Usr 0 00:00:00, Sys 0 00:00:00  -  Total Local Usage
	266105  -  Run Bytes Sent By Job
	77548264  -  Run Bytes Received By Job
	266105  -  Total Bytes Sent By Job
	77548264  -  Total Bytes Received By Job
	Partitionable Resources :       Usage  Request Allocated 
	   Cpus                 :        0.94       16        16 
	   Disk (KB)            : 27871759          30    366444 
	   Ioheavy              :                              0 
	   Memory (MB)          :     3136       49152     49152 
...
001 (56141135.009.000) 05/11 03:17:51 Job executing on host: <128.105.245.198:9618?addrs=128.105.245.198-9618&noUDP&sock=25034_d1fb_29>
...
006 (56141135.009.000) 05/11 03:17:59 Image size of job updated: 500
	1  -  MemoryUsage of job (MB)
	500  -  ResidentSetSize of job (KB)
...
006 (56141135.008.000) 05/11 03:26:39 Image size of job updated: 492
	1  -  MemoryUsage of job (MB)
	492  -  ResidentSetSize of job (KB)
...
006 (56141135.005.000) 05/11 03:33:08 Image size of job updated: 1980648
	1934  -  MemoryUsage of job (MB)
	1980184  -  ResidentSetSize of job (KB)
...
006 (56141135.009.000) 05/11 03:38:02 Image size of job updated: 74152
	73  -  MemoryUsage of job (MB)
	73740  -  ResidentSetSize of job (KB)
...
006 (56141135.005.000) 05/11 03:38:08 Image size of job updated: 2342752
	2288  -  MemoryUsage of job (MB)
	2342272  -  ResidentSetSize of job (KB)
...
006 (56141135.008.000) 05/11 03:41:40 Image size of job updated: 1100780
	1075  -  MemoryUsage of job (MB)
	1100292  -  ResidentSetSize of job (KB)
...
006 (56141135.009.000) 05/11 03:43:02 Image size of job updated: 1098304
	1073  -  MemoryUsage of job (MB)
	1097816  -  ResidentSetSize of job (KB)
...
006 (56141135.008.000) 05/11 03:46:40 Image size of job updated: 1139672
	1113  -  MemoryUsage of job (MB)
	1139164  -  ResidentSetSize of job (KB)
...
006 (56141135.009.000) 05/11 03:48:02 Image size of job updated: 1166732
	1139  -  MemoryUsage of job (MB)
	1166224  -  ResidentSetSize of job (KB)
...
006 (56141135.008.000) 05/11 03:51:42 Image size of job updated: 1140860
	1114  -  MemoryUsage of job (MB)
	1140352  -  ResidentSetSize of job (KB)
...
006 (56141135.009.000) 05/11 03:53:03 Image size of job updated: 1166776
	1139  -  MemoryUsage of job (MB)
	1166268  -  ResidentSetSize of job (KB)
...
006 (56141135.005.000) 05/11 03:53:10 Image size of job updated: 2347836
	2293  -  MemoryUsage of job (MB)
	2347340  -  ResidentSetSize of job (KB)
...
006 (56141135.004.000) 05/11 03:56:09 Image size of job updated: 2714620
	2650  -  MemoryUsage of job (MB)
	2713548  -  ResidentSetSize of job (KB)
...
006 (56141135.008.000) 05/11 03:56:42 Image size of job updated: 1142052
	1115  -  MemoryUsage of job (MB)
	1141544  -  ResidentSetSize of job (KB)
...
006 (56141135.009.000) 05/11 03:58:03 Image size of job updated: 1166816
	1139  -  MemoryUsage of job (MB)
	1166308  -  ResidentSetSize of job (KB)
...
006 (56141135.004.000) 05/11 04:01:09 Image size of job updated: 2716988
	2653  -  MemoryUsage of job (MB)
	2715916  -  ResidentSetSize of job (KB)
...
006 (56141135.008.000) 05/11 04:01:42 Image size of job updated: 1142944
	1116  -  MemoryUsage of job (MB)
	1142436  -  ResidentSetSize of job (KB)
...
006 (56141135.009.000) 05/11 04:03:03 Image size of job updated: 1166860
	1140  -  MemoryUsage of job (MB)
	1166352  -  ResidentSetSize of job (KB)
...
006 (56141135.008.000) 05/11 04:06:44 Image size of job updated: 1143552
	1117  -  MemoryUsage of job (MB)
	1143044  -  ResidentSetSize of job (KB)
...
006 (56141135.009.000) 05/11 04:08:04 Image size of job updated: 1166880
	1140  -  MemoryUsage of job (MB)
	1166372  -  ResidentSetSize of job (KB)
...
006 (56141135.009.000) 05/11 04:13:04 Image size of job updated: 1166900
	1140  -  MemoryUsage of job (MB)
	1166392  -  ResidentSetSize of job (KB)
...
006 (56141135.009.000) 05/11 04:18:04 Image size of job updated: 1166924
	1140  -  MemoryUsage of job (MB)
	1166416  -  ResidentSetSize of job (KB)
...
006 (56141135.009.000) 05/11 04:23:06 Image size of job updated: 1166984
	1140  -  MemoryUsage of job (MB)
	1166476  -  ResidentSetSize of job (KB)
...
006 (56141135.006.000) 05/11 04:23:13 Image size of job updated: 1457236
	1423  -  MemoryUsage of job (MB)
	1456740  -  ResidentSetSize of job (KB)
...
006 (56141135.009.000) 05/11 04:28:06 Image size of job updated: 1167064
	1140  -  MemoryUsage of job (MB)
	1166556  -  ResidentSetSize of job (KB)
...
006 (56141135.009.000) 05/11 04:33:06 Image size of job updated: 1167136
	1140  -  MemoryUsage of job (MB)
	1166628  -  ResidentSetSize of job (KB)
...
006 (56141135.009.000) 05/11 04:38:08 Image size of job updated: 1167216
	1140  -  MemoryUsage of job (MB)
	1166708  -  ResidentSetSize of job (KB)
...
006 (56141135.009.000) 05/11 04:43:08 Image size of job updated: 1167316
	1140  -  MemoryUsage of job (MB)
	1166808  -  ResidentSetSize of job (KB)
...
006 (56141135.009.000) 05/11 04:48:08 Image size of job updated: 1167404
	1140  -  MemoryUsage of job (MB)
	1166896  -  ResidentSetSize of job (KB)
...
006 (56141135.009.000) 05/11 04:53:10 Image size of job updated: 1167488
	1140  -  MemoryUsage of job (MB)
	1166980  -  ResidentSetSize of job (KB)
...
006 (56141135.007.000) 05/11 04:54:21 Image size of job updated: 1771788
	1730  -  MemoryUsage of job (MB)
	1771280  -  ResidentSetSize of job (KB)
...
006 (56141135.009.000) 05/11 04:58:10 Image size of job updated: 1167580
	1140  -  MemoryUsage of job (MB)
	1167072  -  ResidentSetSize of job (KB)
...
006 (56141135.009.000) 05/11 05:03:10 Image size of job updated: 1167656
	1140  -  MemoryUsage of job (MB)
	1167148  -  ResidentSetSize of job (KB)
...
006 (56141135.005.000) 05/11 05:03:16 Image size of job updated: 2963716
	2894  -  MemoryUsage of job (MB)
	2963220  -  ResidentSetSize of job (KB)
...
006 (56141135.009.000) 05/11 05:08:10 Image size of job updated: 1167736
	1140  -  MemoryUsage of job (MB)
	1167228  -  ResidentSetSize of job (KB)
...
006 (56141135.009.000) 05/11 05:13:11 Image size of job updated: 1167808
	1140  -  MemoryUsage of job (MB)
	1167300  -  ResidentSetSize of job (KB)
...
006 (56141135.009.000) 05/11 05:18:11 Image size of job updated: 1167888
	1141  -  MemoryUsage of job (MB)
	1167380  -  ResidentSetSize of job (KB)
...
006 (56141135.009.000) 05/11 05:23:11 Image size of job updated: 1167952
	1141  -  MemoryUsage of job (MB)
	1167444  -  ResidentSetSize of job (KB)
...
006 (56141135.009.000) 05/11 05:28:13 Image size of job updated: 1168024
	1141  -  MemoryUsage of job (MB)
	1167516  -  ResidentSetSize of job (KB)
...
006 (56141135.007.000) 05/11 05:29:24 Image size of job updated: 1808720
	1766  -  MemoryUsage of job (MB)
	1808212  -  ResidentSetSize of job (KB)
...
006 (56141135.009.000) 05/11 05:33:13 Image size of job updated: 1168092
	1141  -  MemoryUsage of job (MB)
	1167584  -  ResidentSetSize of job (KB)
...
006 (56141135.009.000) 05/11 05:38:13 Image size of job updated: 1168168
	1141  -  MemoryUsage of job (MB)
	1167660  -  ResidentSetSize of job (KB)
...
006 (56141135.005.000) 05/11 05:38:20 Image size of job updated: 3683624
	3597  -  MemoryUsage of job (MB)
	3683128  -  ResidentSetSize of job (KB)
...
006 (56141135.009.000) 05/11 05:43:15 Image size of job updated: 1168224
	1141  -  MemoryUsage of job (MB)
	1167716  -  ResidentSetSize of job (KB)
...
006 (56141135.009.000) 05/11 05:48:15 Image size of job updated: 1168272
	1141  -  MemoryUsage of job (MB)
	1167764  -  ResidentSetSize of job (KB)
...
005 (56141135.004.000) 05/11 05:49:45 Job terminated.
	(1) Normal termination (return value 0)
		Usr 1 07:33:50, Sys 0 00:07:44  -  Run Remote Usage
		Usr 0 00:00:00, Sys 0 00:00:00  -  Run Local Usage
		Usr 1 07:33:50, Sys 0 00:07:44  -  Total Remote Usage
		Usr 0 00:00:00, Sys 0 00:00:00  -  Total Local Usage
	266120  -  Run Bytes Sent By Job
	77548264  -  Run Bytes Received By Job
	266120  -  Total Bytes Sent By Job
	77548264  -  Total Bytes Received By Job
	Partitionable Resources :       Usage  Request Allocated 
	   Cpus                 :        1.02       16        16 
	   Disk (KB)            : 27870557          30     34840 
	   Ioheavy              :                              0 
	   Memory (MB)          :     2653       49152     49152 
...
006 (56141135.009.000) 05/11 05:53:15 Image size of job updated: 1168320
	1141  -  MemoryUsage of job (MB)
	1167812  -  ResidentSetSize of job (KB)
...
006 (56141135.009.000) 05/11 05:58:15 Image size of job updated: 1168384
	1141  -  MemoryUsage of job (MB)
	1167876  -  ResidentSetSize of job (KB)
...
006 (56141135.009.000) 05/11 06:03:16 Image size of job updated: 1168440
	1141  -  MemoryUsage of job (MB)
	1167932  -  ResidentSetSize of job (KB)
...
006 (56141135.008.000) 05/11 06:06:54 Image size of job updated: 1240072
	1211  -  MemoryUsage of job (MB)
	1239584  -  ResidentSetSize of job (KB)
...
006 (56141135.009.000) 05/11 06:08:16 Image size of job updated: 1168496
	1141  -  MemoryUsage of job (MB)
	1167988  -  ResidentSetSize of job (KB)
...
006 (56141135.008.000) 05/11 06:11:56 Image size of job updated: 1243744
	1215  -  MemoryUsage of job (MB)
	1243256  -  ResidentSetSize of job (KB)
...
006 (56141135.009.000) 05/11 06:13:16 Image size of job updated: 1168560
	1141  -  MemoryUsage of job (MB)
	1168052  -  ResidentSetSize of job (KB)
...
006 (56141135.008.000) 05/11 06:16:56 Image size of job updated: 1292016
	1262  -  MemoryUsage of job (MB)
	1291508  -  ResidentSetSize of job (KB)
...
006 (56141135.009.000) 05/11 06:18:18 Image size of job updated: 1168944
	1142  -  MemoryUsage of job (MB)
	1168436  -  ResidentSetSize of job (KB)
...
006 (56141135.008.000) 05/11 06:21:56 Image size of job updated: 1292864
	1263  -  MemoryUsage of job (MB)
	1292356  -  ResidentSetSize of job (KB)
...
006 (56141135.009.000) 05/11 06:23:18 Image size of job updated: 1168996
	1142  -  MemoryUsage of job (MB)
	1168488  -  ResidentSetSize of job (KB)
...
006 (56141135.008.000) 05/11 06:26:58 Image size of job updated: 1293932
	1264  -  MemoryUsage of job (MB)
	1293424  -  ResidentSetSize of job (KB)
...
006 (56141135.009.000) 05/11 06:28:18 Image size of job updated: 1169056
	1142  -  MemoryUsage of job (MB)
	1168548  -  ResidentSetSize of job (KB)
...
006 (56141135.008.000) 05/11 06:31:58 Image size of job updated: 1294864
	1265  -  MemoryUsage of job (MB)
	1294356  -  ResidentSetSize of job (KB)
...
006 (56141135.009.000) 05/11 06:33:20 Image size of job updated: 1169116
	1142  -  MemoryUsage of job (MB)
	1168608  -  ResidentSetSize of job (KB)
...
006 (56141135.008.000) 05/11 06:36:58 Image size of job updated: 1295808
	1265  -  MemoryUsage of job (MB)
	1295300  -  ResidentSetSize of job (KB)
...
006 (56141135.009.000) 05/11 06:38:20 Image size of job updated: 1169168
	1142  -  MemoryUsage of job (MB)
	1168660  -  ResidentSetSize of job (KB)
...
006 (56141135.008.000) 05/11 06:42:00 Image size of job updated: 1296080
	1266  -  MemoryUsage of job (MB)
	1295572  -  ResidentSetSize of job (KB)
...
006 (56141135.009.000) 05/11 06:43:20 Image size of job updated: 1169240
	1142  -  MemoryUsage of job (MB)
	1168732  -  ResidentSetSize of job (KB)
...
006 (56141135.008.000) 05/11 06:47:00 Image size of job updated: 1297136
	1267  -  MemoryUsage of job (MB)
	1296628  -  ResidentSetSize of job (KB)
...
006 (56141135.009.000) 05/11 06:48:22 Image size of job updated: 1169304
	1142  -  MemoryUsage of job (MB)
	1168796  -  ResidentSetSize of job (KB)
...
006 (56141135.009.000) 05/11 06:53:22 Image size of job updated: 1169368
	1142  -  MemoryUsage of job (MB)
	1168860  -  ResidentSetSize of job (KB)
...
006 (56141135.009.000) 05/11 06:58:22 Image size of job updated: 1169432
	1142  -  MemoryUsage of job (MB)
	1168924  -  ResidentSetSize of job (KB)
...
006 (56141135.009.000) 05/11 07:03:22 Image size of job updated: 1169492
	1142  -  MemoryUsage of job (MB)
	1168984  -  ResidentSetSize of job (KB)
...
006 (56141135.009.000) 05/11 07:08:23 Image size of job updated: 1169552
	1142  -  MemoryUsage of job (MB)
	1169044  -  ResidentSetSize of job (KB)
...
006 (56141135.009.000) 05/11 07:13:23 Image size of job updated: 1169612
	1142  -  MemoryUsage of job (MB)
	1169104  -  ResidentSetSize of job (KB)
...
006 (56141135.007.000) 05/11 07:14:33 Image size of job updated: 1925612
	1766  -  MemoryUsage of job (MB)
	1808212  -  ResidentSetSize of job (KB)
...
006 (56141135.009.000) 05/11 07:18:23 Image size of job updated: 1169668
	1142  -  MemoryUsage of job (MB)
	1169160  -  ResidentSetSize of job (KB)
...
006 (56141135.009.000) 05/11 07:23:24 Image size of job updated: 1169744
	1142  -  MemoryUsage of job (MB)
	1169236  -  ResidentSetSize of job (KB)
...
006 (56141135.009.000) 05/11 07:28:24 Image size of job updated: 1169796
	1142  -  MemoryUsage of job (MB)
	1169288  -  ResidentSetSize of job (KB)
...
006 (56141135.009.000) 05/11 07:33:24 Image size of job updated: 1169828
	1142  -  MemoryUsage of job (MB)
	1169320  -  ResidentSetSize of job (KB)
...
006 (56141135.008.000) 05/11 07:37:04 Image size of job updated: 1741456
	1701  -  MemoryUsage of job (MB)
	1740920  -  ResidentSetSize of job (KB)
...
006 (56141135.009.000) 05/11 07:38:25 Image size of job updated: 1169888
	1142  -  MemoryUsage of job (MB)
	1169380  -  ResidentSetSize of job (KB)
...
005 (56141135.005.000) 05/11 07:43:12 Job terminated.
	(1) Normal termination (return value 0)
		Usr 1 15:50:58, Sys 0 00:08:50  -  Run Remote Usage
		Usr 0 00:00:00, Sys 0 00:00:00  -  Run Local Usage
		Usr 1 15:50:58, Sys 0 00:08:50  -  Total Remote Usage
		Usr 0 00:00:00, Sys 0 00:00:00  -  Total Local Usage
	266135  -  Run Bytes Sent By Job
	77548264  -  Run Bytes Received By Job
	266135  -  Total Bytes Sent By Job
	77548264  -  Total Bytes Received By Job
	Partitionable Resources :       Usage  Request Allocated 
	   Cpus                 :        1.03       16        16 
	   Disk (KB)            : 27873233          30    332410 
	   Ioheavy              :                              0 
	   Memory (MB)          :     3597       49152     49152 
...
006 (56141135.009.000) 05/11 07:43:25 Image size of job updated: 1169924
	1143  -  MemoryUsage of job (MB)
	1169416  -  ResidentSetSize of job (KB)
...
006 (56141135.009.000) 05/11 07:48:25 Image size of job updated: 1169980
	1143  -  MemoryUsage of job (MB)
	1169472  -  ResidentSetSize of job (KB)
...
006 (56141135.009.000) 05/11 07:53:27 Image size of job updated: 1170040
	1143  -  MemoryUsage of job (MB)
	1169532  -  ResidentSetSize of job (KB)
...
006 (56141135.009.000) 05/11 07:58:27 Image size of job updated: 1170088
	1143  -  MemoryUsage of job (MB)
	1169580  -  ResidentSetSize of job (KB)
...
006 (56141135.009.000) 05/11 08:03:27 Image size of job updated: 1170144
	1143  -  MemoryUsage of job (MB)
	1169636  -  ResidentSetSize of job (KB)
...
006 (56141135.009.000) 05/11 08:08:29 Image size of job updated: 1170192
	1143  -  MemoryUsage of job (MB)
	1169684  -  ResidentSetSize of job (KB)
...
006 (56141135.006.000) 05/11 08:23:36 Image size of job updated: 2018984
	1972  -  MemoryUsage of job (MB)
	2018520  -  ResidentSetSize of job (KB)
...
006 (56141135.007.000) 05/11 08:24:42 Image size of job updated: 1925612
	1771  -  MemoryUsage of job (MB)
	1812628  -  ResidentSetSize of job (KB)
...
006 (56141135.006.000) 05/11 08:28:36 Image size of job updated: 2021120
	1974  -  MemoryUsage of job (MB)
	2020656  -  ResidentSetSize of job (KB)
...
006 (56141135.007.000) 05/11 08:29:42 Image size of job updated: 2017152
	1970  -  MemoryUsage of job (MB)
	2016672  -  ResidentSetSize of job (KB)
...
006 (56141135.008.000) 05/11 08:32:12 Image size of job updated: 1825484
	1783  -  MemoryUsage of job (MB)
	1824944  -  ResidentSetSize of job (KB)
...
006 (56141135.006.000) 05/11 08:33:36 Image size of job updated: 2021368
	1974  -  MemoryUsage of job (MB)
	2020904  -  ResidentSetSize of job (KB)
...
006 (56141135.007.000) 05/11 08:34:42 Image size of job updated: 2021344
	1974  -  MemoryUsage of job (MB)
	2020864  -  ResidentSetSize of job (KB)
...
006 (56141135.006.000) 05/11 08:38:36 Image size of job updated: 2021684
	1974  -  MemoryUsage of job (MB)
	2021220  -  ResidentSetSize of job (KB)
...
006 (56141135.007.000) 05/11 08:39:43 Image size of job updated: 2021612
	1974  -  MemoryUsage of job (MB)
	2021132  -  ResidentSetSize of job (KB)
...
006 (56141135.006.000) 05/11 08:43:37 Image size of job updated: 2022444
	1975  -  MemoryUsage of job (MB)
	2021980  -  ResidentSetSize of job (KB)
...
006 (56141135.007.000) 05/11 08:44:43 Image size of job updated: 2022120
	1975  -  MemoryUsage of job (MB)
	2021640  -  ResidentSetSize of job (KB)
...
006 (56141135.006.000) 05/11 08:48:37 Image size of job updated: 2022708
	1975  -  MemoryUsage of job (MB)
	2022244  -  ResidentSetSize of job (KB)
...
006 (56141135.007.000) 05/11 08:49:43 Image size of job updated: 2022812
	1975  -  MemoryUsage of job (MB)
	2022332  -  ResidentSetSize of job (KB)
...
006 (56141135.006.000) 05/11 08:53:39 Image size of job updated: 2023032
	1976  -  MemoryUsage of job (MB)
	2022568  -  ResidentSetSize of job (KB)
...
006 (56141135.007.000) 05/11 08:54:45 Image size of job updated: 2023096
	1976  -  MemoryUsage of job (MB)
	2022616  -  ResidentSetSize of job (KB)
...
006 (56141135.006.000) 05/11 08:58:39 Image size of job updated: 2023308
	1976  -  MemoryUsage of job (MB)
	2022844  -  ResidentSetSize of job (KB)
...
006 (56141135.007.000) 05/11 08:59:45 Image size of job updated: 2023428
	1976  -  MemoryUsage of job (MB)
	2022948  -  ResidentSetSize of job (KB)
...
006 (56141135.006.000) 05/11 09:03:39 Image size of job updated: 2023864
	1976  -  MemoryUsage of job (MB)
	2023400  -  ResidentSetSize of job (KB)
...
006 (56141135.007.000) 05/11 09:04:45 Image size of job updated: 2023920
	1977  -  MemoryUsage of job (MB)
	2023440  -  ResidentSetSize of job (KB)
...
006 (56141135.006.000) 05/11 09:08:39 Image size of job updated: 2024400
	1977  -  MemoryUsage of job (MB)
	2023936  -  ResidentSetSize of job (KB)
...
006 (56141135.007.000) 05/11 09:09:47 Image size of job updated: 2024348
	1977  -  MemoryUsage of job (MB)
	2023868  -  ResidentSetSize of job (KB)
...
006 (56141135.006.000) 05/11 09:13:40 Image size of job updated: 2025064
	1978  -  MemoryUsage of job (MB)
	2024600  -  ResidentSetSize of job (KB)
...
006 (56141135.007.000) 05/11 09:14:47 Image size of job updated: 2024988
	1978  -  MemoryUsage of job (MB)
	2024508  -  ResidentSetSize of job (KB)
...
006 (56141135.006.000) 05/11 09:18:40 Image size of job updated: 2025520
	1978  -  MemoryUsage of job (MB)
	2025056  -  ResidentSetSize of job (KB)
...
006 (56141135.007.000) 05/11 09:19:47 Image size of job updated: 2025456
	1978  -  MemoryUsage of job (MB)
	2024976  -  ResidentSetSize of job (KB)
...
006 (56141135.006.000) 05/11 09:23:40 Image size of job updated: 2025768
	1978  -  MemoryUsage of job (MB)
	2025304  -  ResidentSetSize of job (KB)
...
006 (56141135.007.000) 05/11 09:24:49 Image size of job updated: 2025920
	1978  -  MemoryUsage of job (MB)
	2025440  -  ResidentSetSize of job (KB)
...
006 (56141135.006.000) 05/11 09:28:42 Image size of job updated: 2025948
	1979  -  MemoryUsage of job (MB)
	2025484  -  ResidentSetSize of job (KB)
...
006 (56141135.007.000) 05/11 09:29:49 Image size of job updated: 2026132
	1979  -  MemoryUsage of job (MB)
	2025652  -  ResidentSetSize of job (KB)
...
006 (56141135.006.000) 05/11 09:33:42 Image size of job updated: 2026052
	1979  -  MemoryUsage of job (MB)
	2025588  -  ResidentSetSize of job (KB)
...
006 (56141135.007.000) 05/11 09:34:49 Image size of job updated: 2026492
	1979  -  MemoryUsage of job (MB)
	2026012  -  ResidentSetSize of job (KB)
...
006 (56141135.006.000) 05/11 09:38:42 Image size of job updated: 2026156
	1979  -  MemoryUsage of job (MB)
	2025692  -  ResidentSetSize of job (KB)
...
006 (56141135.007.000) 05/11 09:39:51 Image size of job updated: 2026552
	1979  -  MemoryUsage of job (MB)
	2026072  -  ResidentSetSize of job (KB)
...
006 (56141135.006.000) 05/11 09:43:43 Image size of job updated: 2026528
	1979  -  MemoryUsage of job (MB)
	2026064  -  ResidentSetSize of job (KB)
...
006 (56141135.007.000) 05/11 09:44:51 Image size of job updated: 2026644
	1979  -  MemoryUsage of job (MB)
	2026164  -  ResidentSetSize of job (KB)
...
006 (56141135.006.000) 05/11 09:48:44 Image size of job updated: 2027092
	1980  -  MemoryUsage of job (MB)
	2026628  -  ResidentSetSize of job (KB)
...
006 (56141135.007.000) 05/11 09:49:51 Image size of job updated: 2026944
	1979  -  MemoryUsage of job (MB)
	2026464  -  ResidentSetSize of job (KB)
...
006 (56141135.006.000) 05/11 09:53:44 Image size of job updated: 2027304
	1980  -  MemoryUsage of job (MB)
	2026840  -  ResidentSetSize of job (KB)
...
006 (56141135.007.000) 05/11 09:54:51 Image size of job updated: 2027336
	1980  -  MemoryUsage of job (MB)
	2026856  -  ResidentSetSize of job (KB)
...
006 (56141135.008.000) 05/11 09:57:20 Image size of job updated: 1902184
	1858  -  MemoryUsage of job (MB)
	1901648  -  ResidentSetSize of job (KB)
...
006 (56141135.006.000) 05/11 09:58:44 Image size of job updated: 2027544
	1980  -  MemoryUsage of job (MB)
	2027080  -  ResidentSetSize of job (KB)
...
006 (56141135.007.000) 05/11 09:59:52 Image size of job updated: 2027568
	1980  -  MemoryUsage of job (MB)
	2027088  -  ResidentSetSize of job (KB)
...
006 (56141135.007.000) 05/11 10:04:52 Image size of job updated: 2274152
	2221  -  MemoryUsage of job (MB)
	2273660  -  ResidentSetSize of job (KB)
...
006 (56141135.008.000) 05/11 11:37:30 Image size of job updated: 1942844
	1897  -  MemoryUsage of job (MB)
	1942356  -  ResidentSetSize of job (KB)
...
006 (56141135.008.000) 05/11 11:42:30 Image size of job updated: 1943928
	1898  -  MemoryUsage of job (MB)
	1943440  -  ResidentSetSize of job (KB)
...
006 (56141135.008.000) 05/11 11:47:31 Image size of job updated: 2003716
	1957  -  MemoryUsage of job (MB)
	2003208  -  ResidentSetSize of job (KB)
...
006 (56141135.008.000) 05/11 11:52:31 Image size of job updated: 2004448
	1957  -  MemoryUsage of job (MB)
	2003940  -  ResidentSetSize of job (KB)
...
006 (56141135.008.000) 05/11 11:57:31 Image size of job updated: 2004656
	1958  -  MemoryUsage of job (MB)
	2004148  -  ResidentSetSize of job (KB)
...
006 (56141135.008.000) 05/11 12:02:33 Image size of job updated: 2004812
	1958  -  MemoryUsage of job (MB)
	2004304  -  ResidentSetSize of job (KB)
...
006 (56141135.008.000) 05/11 12:07:33 Image size of job updated: 2005180
	1958  -  MemoryUsage of job (MB)
	2004672  -  ResidentSetSize of job (KB)
...
006 (56141135.008.000) 05/11 12:12:33 Image size of job updated: 2005564
	1959  -  MemoryUsage of job (MB)
	2005056  -  ResidentSetSize of job (KB)
...
006 (56141135.008.000) 05/11 12:17:35 Image size of job updated: 2005828
	1959  -  MemoryUsage of job (MB)
	2005320  -  ResidentSetSize of job (KB)
...
006 (56141135.008.000) 05/11 12:22:35 Image size of job updated: 2006048
	1959  -  MemoryUsage of job (MB)
	2005540  -  ResidentSetSize of job (KB)
...
006 (56141135.008.000) 05/11 12:27:35 Image size of job updated: 2006440
	1959  -  MemoryUsage of job (MB)
	2005932  -  ResidentSetSize of job (KB)
...
006 (56141135.008.000) 05/11 12:32:37 Image size of job updated: 2006492
	1959  -  MemoryUsage of job (MB)
	2005984  -  ResidentSetSize of job (KB)
...
006 (56141135.008.000) 05/11 12:37:37 Image size of job updated: 2006804
	1960  -  MemoryUsage of job (MB)
	2006296  -  ResidentSetSize of job (KB)
...
006 (56141135.008.000) 05/11 12:42:37 Image size of job updated: 2007176
	1960  -  MemoryUsage of job (MB)
	2006668  -  ResidentSetSize of job (KB)
...
006 (56141135.008.000) 05/11 12:47:39 Image size of job updated: 2007608
	1961  -  MemoryUsage of job (MB)
	2007100  -  ResidentSetSize of job (KB)
...
006 (56141135.008.000) 05/11 12:52:39 Image size of job updated: 2008168
	1961  -  MemoryUsage of job (MB)
	2007660  -  ResidentSetSize of job (KB)
...
006 (56141135.008.000) 05/11 12:57:39 Image size of job updated: 2008880
	1962  -  MemoryUsage of job (MB)
	2008372  -  ResidentSetSize of job (KB)
...
006 (56141135.008.000) 05/11 13:02:39 Image size of job updated: 2009168
	1962  -  MemoryUsage of job (MB)
	2008660  -  ResidentSetSize of job (KB)
...
006 (56141135.008.000) 05/11 13:07:40 Image size of job updated: 2009492
	1962  -  MemoryUsage of job (MB)
	2008984  -  ResidentSetSize of job (KB)
...
006 (56141135.008.000) 05/11 13:12:40 Image size of job updated: 2009724
	1963  -  MemoryUsage of job (MB)
	2009216  -  ResidentSetSize of job (KB)
...
006 (56141135.008.000) 05/11 13:17:40 Image size of job updated: 2009920
	1963  -  MemoryUsage of job (MB)
	2009412  -  ResidentSetSize of job (KB)
...
006 (56141135.008.000) 05/11 13:22:41 Image size of job updated: 2009948
	1963  -  MemoryUsage of job (MB)
	2009440  -  ResidentSetSize of job (KB)
...
006 (56141135.008.000) 05/11 13:27:41 Image size of job updated: 2009984
	1963  -  MemoryUsage of job (MB)
	2009476  -  ResidentSetSize of job (KB)
...
006 (56141135.008.000) 05/11 13:32:41 Image size of job updated: 2010148
	1963  -  MemoryUsage of job (MB)
	2009640  -  ResidentSetSize of job (KB)
...
006 (56141135.008.000) 05/11 13:37:43 Image size of job updated: 2010644
	1964  -  MemoryUsage of job (MB)
	2010136  -  ResidentSetSize of job (KB)
...
006 (56141135.008.000) 05/11 13:42:43 Image size of job updated: 2010696
	1964  -  MemoryUsage of job (MB)
	2010188  -  ResidentSetSize of job (KB)
...
006 (56141135.008.000) 05/11 13:47:43 Image size of job updated: 2011008
	1964  -  MemoryUsage of job (MB)
	2010500  -  ResidentSetSize of job (KB)
...
006 (56141135.008.000) 05/11 13:52:45 Image size of job updated: 2351080
	2296  -  MemoryUsage of job (MB)
	2350556  -  ResidentSetSize of job (KB)
...
006 (56141135.006.000) 05/11 17:54:33 Image size of job updated: 2080588
	2032  -  MemoryUsage of job (MB)
	2080144  -  ResidentSetSize of job (KB)
...
006 (56141135.006.000) 05/11 17:59:33 Image size of job updated: 2200768
	2149  -  MemoryUsage of job (MB)
	2200304  -  ResidentSetSize of job (KB)
...
006 (56141135.006.000) 05/11 18:04:33 Image size of job updated: 2201332
	2150  -  MemoryUsage of job (MB)
	2200868  -  ResidentSetSize of job (KB)
...
006 (56141135.006.000) 05/11 18:09:34 Image size of job updated: 2201696
	2150  -  MemoryUsage of job (MB)
	2201232  -  ResidentSetSize of job (KB)
...
006 (56141135.006.000) 05/11 18:14:35 Image size of job updated: 2202044
	2150  -  MemoryUsage of job (MB)
	2201580  -  ResidentSetSize of job (KB)
...
006 (56141135.006.000) 05/11 18:19:35 Image size of job updated: 2202488
	2151  -  MemoryUsage of job (MB)
	2202024  -  ResidentSetSize of job (KB)
...
006 (56141135.006.000) 05/11 18:24:35 Image size of job updated: 2202848
	2151  -  MemoryUsage of job (MB)
	2202384  -  ResidentSetSize of job (KB)
...
006 (56141135.006.000) 05/11 18:29:36 Image size of job updated: 2202908
	2151  -  MemoryUsage of job (MB)
	2202444  -  ResidentSetSize of job (KB)
...
006 (56141135.006.000) 05/11 18:34:36 Image size of job updated: 2203176
	2152  -  MemoryUsage of job (MB)
	2202712  -  ResidentSetSize of job (KB)
...
006 (56141135.006.000) 05/11 18:39:36 Image size of job updated: 2203352
	2152  -  MemoryUsage of job (MB)
	2202888  -  ResidentSetSize of job (KB)
...
006 (56141135.006.000) 05/11 18:44:37 Image size of job updated: 2203552
	2152  -  MemoryUsage of job (MB)
	2203088  -  ResidentSetSize of job (KB)
...
006 (56141135.006.000) 05/11 18:49:37 Image size of job updated: 2204128
	2153  -  MemoryUsage of job (MB)
	2203664  -  ResidentSetSize of job (KB)
...
006 (56141135.006.000) 05/11 18:54:37 Image size of job updated: 2204316
	2153  -  MemoryUsage of job (MB)
	2203852  -  ResidentSetSize of job (KB)
...
006 (56141135.006.000) 05/11 18:59:38 Image size of job updated: 2204680
	2153  -  MemoryUsage of job (MB)
	2204216  -  ResidentSetSize of job (KB)
...
006 (56141135.006.000) 05/11 19:04:39 Image size of job updated: 2205112
	2153  -  MemoryUsage of job (MB)
	2204648  -  ResidentSetSize of job (KB)
...
006 (56141135.006.000) 05/11 19:09:39 Image size of job updated: 2205188
	2154  -  MemoryUsage of job (MB)
	2204724  -  ResidentSetSize of job (KB)
...
006 (56141135.007.000) 05/11 19:10:47 Image size of job updated: 2974540
	2905  -  MemoryUsage of job (MB)
	2974028  -  ResidentSetSize of job (KB)
...
006 (56141135.006.000) 05/11 19:14:39 Image size of job updated: 2205360
	2154  -  MemoryUsage of job (MB)
	2204896  -  ResidentSetSize of job (KB)
...
006 (56141135.006.000) 05/11 19:19:40 Image size of job updated: 2205512
	2154  -  MemoryUsage of job (MB)
	2205048  -  ResidentSetSize of job (KB)
...
006 (56141135.006.000) 05/11 19:24:41 Image size of job updated: 2205520
	2154  -  MemoryUsage of job (MB)
	2205056  -  ResidentSetSize of job (KB)
...
006 (56141135.006.000) 05/11 19:29:41 Image size of job updated: 2205704
	2154  -  MemoryUsage of job (MB)
	2205240  -  ResidentSetSize of job (KB)
...
006 (56141135.006.000) 05/11 19:34:41 Image size of job updated: 2205828
	2154  -  MemoryUsage of job (MB)
	2205364  -  ResidentSetSize of job (KB)
...
006 (56141135.006.000) 05/11 19:39:43 Image size of job updated: 2205956
	2154  -  MemoryUsage of job (MB)
	2205492  -  ResidentSetSize of job (KB)
...
006 (56141135.006.000) 05/11 19:44:43 Image size of job updated: 2206396
	2155  -  MemoryUsage of job (MB)
	2205932  -  ResidentSetSize of job (KB)
...
006 (56141135.006.000) 05/11 19:49:43 Image size of job updated: 2206652
	2155  -  MemoryUsage of job (MB)
	2206188  -  ResidentSetSize of job (KB)
...
006 (56141135.006.000) 05/11 19:54:45 Image size of job updated: 2977200
	2907  -  MemoryUsage of job (MB)
	2976704  -  ResidentSetSize of job (KB)
...
006 (56141135.009.000) 05/12 01:10:13 Image size of job updated: 1188276
	1160  -  MemoryUsage of job (MB)
	1187756  -  ResidentSetSize of job (KB)
...
006 (56141135.009.000) 05/12 01:20:13 Image size of job updated: 1243584
	1214  -  MemoryUsage of job (MB)
	1243096  -  ResidentSetSize of job (KB)
...
006 (56141135.009.000) 05/12 01:25:14 Image size of job updated: 1337640
	1306  -  MemoryUsage of job (MB)
	1337132  -  ResidentSetSize of job (KB)
...
006 (56141135.009.000) 05/12 01:30:14 Image size of job updated: 1337684
	1306  -  MemoryUsage of job (MB)
	1337176  -  ResidentSetSize of job (KB)
...
006 (56141135.009.000) 05/12 01:35:14 Image size of job updated: 1337724
	1306  -  MemoryUsage of job (MB)
	1337216  -  ResidentSetSize of job (KB)
...
006 (56141135.009.000) 05/12 01:40:16 Image size of job updated: 1337756
	1306  -  MemoryUsage of job (MB)
	1337248  -  ResidentSetSize of job (KB)
...
006 (56141135.009.000) 05/12 01:45:16 Image size of job updated: 1338752
	1307  -  MemoryUsage of job (MB)
	1338244  -  ResidentSetSize of job (KB)
...
006 (56141135.009.000) 05/12 01:50:16 Image size of job updated: 1338788
	1307  -  MemoryUsage of job (MB)
	1338280  -  ResidentSetSize of job (KB)
...
006 (56141135.009.000) 05/12 01:55:17 Image size of job updated: 1338836
	1307  -  MemoryUsage of job (MB)
	1338328  -  ResidentSetSize of job (KB)
...
006 (56141135.009.000) 05/12 02:00:18 Image size of job updated: 1338884
	1308  -  MemoryUsage of job (MB)
	1338376  -  ResidentSetSize of job (KB)
...
006 (56141135.009.000) 05/12 02:05:18 Image size of job updated: 1338952
	1308  -  MemoryUsage of job (MB)
	1338444  -  ResidentSetSize of job (KB)
...
006 (56141135.009.000) 05/12 02:10:19 Image size of job updated: 1339024
	1308  -  MemoryUsage of job (MB)
	1338516  -  ResidentSetSize of job (KB)
...
006 (56141135.009.000) 05/12 02:15:20 Image size of job updated: 1339088
	1308  -  MemoryUsage of job (MB)
	1338580  -  ResidentSetSize of job (KB)
...
006 (56141135.009.000) 05/12 02:20:20 Image size of job updated: 1339156
	1308  -  MemoryUsage of job (MB)
	1338648  -  ResidentSetSize of job (KB)
...
006 (56141135.009.000) 05/12 02:25:20 Image size of job updated: 1339232
	1308  -  MemoryUsage of job (MB)
	1338724  -  ResidentSetSize of job (KB)
...
006 (56141135.009.000) 05/12 02:30:21 Image size of job updated: 1339308
	1308  -  MemoryUsage of job (MB)
	1338800  -  ResidentSetSize of job (KB)
...
006 (56141135.009.000) 05/12 02:35:21 Image size of job updated: 1339412
	1308  -  MemoryUsage of job (MB)
	1338904  -  ResidentSetSize of job (KB)
...
006 (56141135.009.000) 05/12 02:40:21 Image size of job updated: 1339500
	1308  -  MemoryUsage of job (MB)
	1338992  -  ResidentSetSize of job (KB)
...
006 (56141135.009.000) 05/12 02:45:22 Image size of job updated: 1339600
	1308  -  MemoryUsage of job (MB)
	1339092  -  ResidentSetSize of job (KB)
...
006 (56141135.009.000) 05/12 02:50:22 Image size of job updated: 1339700
	1308  -  MemoryUsage of job (MB)
	1339192  -  ResidentSetSize of job (KB)
...
006 (56141135.007.000) 05/12 02:51:35 Image size of job updated: 3607072
	3523  -  MemoryUsage of job (MB)
	3606564  -  ResidentSetSize of job (KB)
...
006 (56141135.009.000) 05/12 02:55:22 Image size of job updated: 1339796
	1308  -  MemoryUsage of job (MB)
	1339288  -  ResidentSetSize of job (KB)
...
006 (56141135.009.000) 05/12 03:00:23 Image size of job updated: 1339892
	1308  -  MemoryUsage of job (MB)
	1339384  -  ResidentSetSize of job (KB)
...
006 (56141135.009.000) 05/12 03:05:23 Image size of job updated: 1339972
	1309  -  MemoryUsage of job (MB)
	1339464  -  ResidentSetSize of job (KB)
...
006 (56141135.009.000) 05/12 03:10:23 Image size of job updated: 1340068
	1309  -  MemoryUsage of job (MB)
	1339560  -  ResidentSetSize of job (KB)
...
006 (56141135.009.000) 05/12 03:15:25 Image size of job updated: 1340148
	1309  -  MemoryUsage of job (MB)
	1339640  -  ResidentSetSize of job (KB)
...
006 (56141135.009.000) 05/12 03:20:25 Image size of job updated: 1340244
	1309  -  MemoryUsage of job (MB)
	1339736  -  ResidentSetSize of job (KB)
...
006 (56141135.009.000) 05/12 03:25:25 Image size of job updated: 1340312
	1309  -  MemoryUsage of job (MB)
	1339804  -  ResidentSetSize of job (KB)
...
006 (56141135.009.000) 05/12 03:30:27 Image size of job updated: 1340404
	1309  -  MemoryUsage of job (MB)
	1339896  -  ResidentSetSize of job (KB)
...
006 (56141135.009.000) 05/12 03:35:27 Image size of job updated: 1340476
	1309  -  MemoryUsage of job (MB)
	1339968  -  ResidentSetSize of job (KB)
...
006 (56141135.009.000) 05/12 03:40:27 Image size of job updated: 1340544
	1309  -  MemoryUsage of job (MB)
	1340036  -  ResidentSetSize of job (KB)
...
006 (56141135.006.000) 05/12 03:40:32 Image size of job updated: 3637740
	3552  -  MemoryUsage of job (MB)
	3637244  -  ResidentSetSize of job (KB)
...
006 (56141135.009.000) 05/12 03:45:28 Image size of job updated: 1340612
	1309  -  MemoryUsage of job (MB)
	1340104  -  ResidentSetSize of job (KB)
...
006 (56141135.008.000) 05/12 03:49:11 Image size of job updated: 2940376
	2871  -  MemoryUsage of job (MB)
	2939836  -  ResidentSetSize of job (KB)
...
006 (56141135.009.000) 05/12 03:50:29 Image size of job updated: 1340712
	1309  -  MemoryUsage of job (MB)
	1340204  -  ResidentSetSize of job (KB)
...
006 (56141135.009.000) 05/12 03:55:29 Image size of job updated: 1340788
	1309  -  MemoryUsage of job (MB)
	1340280  -  ResidentSetSize of job (KB)
...
006 (56141135.009.000) 05/12 04:00:30 Image size of job updated: 1340852
	1309  -  MemoryUsage of job (MB)
	1340344  -  ResidentSetSize of job (KB)
...
006 (56141135.009.000) 05/12 04:05:31 Image size of job updated: 1340908
	1309  -  MemoryUsage of job (MB)
	1340400  -  ResidentSetSize of job (KB)
...
006 (56141135.009.000) 05/12 04:10:31 Image size of job updated: 1340976
	1310  -  MemoryUsage of job (MB)
	1340468  -  ResidentSetSize of job (KB)
...
006 (56141135.009.000) 05/12 04:15:31 Image size of job updated: 1341052
	1310  -  MemoryUsage of job (MB)
	1340544  -  ResidentSetSize of job (KB)
...
006 (56141135.009.000) 05/12 04:20:32 Image size of job updated: 1341116
	1310  -  MemoryUsage of job (MB)
	1340608  -  ResidentSetSize of job (KB)
...
006 (56141135.009.000) 05/12 04:25:32 Image size of job updated: 1341180
	1310  -  MemoryUsage of job (MB)
	1340672  -  ResidentSetSize of job (KB)
...
006 (56141135.009.000) 05/12 04:30:32 Image size of job updated: 1341236
	1310  -  MemoryUsage of job (MB)
	1340728  -  ResidentSetSize of job (KB)
...
006 (56141135.009.000) 05/12 04:35:33 Image size of job updated: 1341296
	1310  -  MemoryUsage of job (MB)
	1340788  -  ResidentSetSize of job (KB)
...
006 (56141135.009.000) 05/12 04:40:33 Image size of job updated: 1341356
	1310  -  MemoryUsage of job (MB)
	1340848  -  ResidentSetSize of job (KB)
...
006 (56141135.009.000) 05/12 04:45:33 Image size of job updated: 1341412
	1310  -  MemoryUsage of job (MB)
	1340904  -  ResidentSetSize of job (KB)
...
006 (56141135.009.000) 05/12 04:50:35 Image size of job updated: 1341472
	1310  -  MemoryUsage of job (MB)
	1340964  -  ResidentSetSize of job (KB)
...
006 (56141135.009.000) 05/12 04:55:35 Image size of job updated: 1341532
	1310  -  MemoryUsage of job (MB)
	1341024  -  ResidentSetSize of job (KB)
...
006 (56141135.009.000) 05/12 05:00:35 Image size of job updated: 1341592
	1310  -  MemoryUsage of job (MB)
	1341084  -  ResidentSetSize of job (KB)
...
006 (56141135.009.000) 05/12 05:05:36 Image size of job updated: 1341656
	1310  -  MemoryUsage of job (MB)
	1341148  -  ResidentSetSize of job (KB)
...
006 (56141135.009.000) 05/12 05:10:37 Image size of job updated: 1341704
	1310  -  MemoryUsage of job (MB)
	1341196  -  ResidentSetSize of job (KB)
...
006 (56141135.009.000) 05/12 05:15:37 Image size of job updated: 1341800
	1310  -  MemoryUsage of job (MB)
	1341292  -  ResidentSetSize of job (KB)
...
006 (56141135.009.000) 05/12 05:20:37 Image size of job updated: 1341832
	1310  -  MemoryUsage of job (MB)
	1341324  -  ResidentSetSize of job (KB)
...
006 (56141135.009.000) 05/12 05:25:38 Image size of job updated: 1341892
	1310  -  MemoryUsage of job (MB)
	1341384  -  ResidentSetSize of job (KB)
...
006 (56141135.009.000) 05/12 05:30:38 Image size of job updated: 1341952
	1311  -  MemoryUsage of job (MB)
	1341444  -  ResidentSetSize of job (KB)
...
006 (56141135.009.000) 05/12 05:35:38 Image size of job updated: 1342012
	1311  -  MemoryUsage of job (MB)
	1341504  -  ResidentSetSize of job (KB)
...
006 (56141135.009.000) 05/12 05:40:39 Image size of job updated: 1342088
	1311  -  MemoryUsage of job (MB)
	1341580  -  ResidentSetSize of job (KB)
...
006 (56141135.009.000) 05/12 05:45:39 Image size of job updated: 1342112
	1311  -  MemoryUsage of job (MB)
	1341604  -  ResidentSetSize of job (KB)
...
006 (56141135.009.000) 05/12 05:50:39 Image size of job updated: 1342180
	1311  -  MemoryUsage of job (MB)
	1341672  -  ResidentSetSize of job (KB)
...
006 (56141135.009.000) 05/12 05:55:41 Image size of job updated: 1342236
	1311  -  MemoryUsage of job (MB)
	1341728  -  ResidentSetSize of job (KB)
...
006 (56141135.009.000) 05/12 06:00:41 Image size of job updated: 1342292
	1311  -  MemoryUsage of job (MB)
	1341784  -  ResidentSetSize of job (KB)
...
006 (56141135.009.000) 05/12 06:05:41 Image size of job updated: 1342356
	1311  -  MemoryUsage of job (MB)
	1341848  -  ResidentSetSize of job (KB)
...
006 (56141135.009.000) 05/12 06:10:42 Image size of job updated: 1342408
	1311  -  MemoryUsage of job (MB)
	1341900  -  ResidentSetSize of job (KB)
...
006 (56141135.009.000) 05/12 06:15:43 Image size of job updated: 1342460
	1311  -  MemoryUsage of job (MB)
	1341952  -  ResidentSetSize of job (KB)
...
006 (56141135.009.000) 05/12 06:20:43 Image size of job updated: 1342524
	1311  -  MemoryUsage of job (MB)
	1342016  -  ResidentSetSize of job (KB)
...
006 (56141135.009.000) 05/12 06:25:43 Image size of job updated: 1342584
	1311  -  MemoryUsage of job (MB)
	1342076  -  ResidentSetSize of job (KB)
...
006 (56141135.009.000) 05/12 06:30:44 Image size of job updated: 1342640
	1311  -  MemoryUsage of job (MB)
	1342132  -  ResidentSetSize of job (KB)
...
006 (56141135.009.000) 05/12 06:35:44 Image size of job updated: 1342708
	1311  -  MemoryUsage of job (MB)
	1342200  -  ResidentSetSize of job (KB)
...
006 (56141135.009.000) 05/12 06:40:44 Image size of job updated: 1342764
	1311  -  MemoryUsage of job (MB)
	1342256  -  ResidentSetSize of job (KB)
...
006 (56141135.009.000) 05/12 06:45:45 Image size of job updated: 1342816
	1311  -  MemoryUsage of job (MB)
	1342308  -  ResidentSetSize of job (KB)
...
006 (56141135.009.000) 05/12 06:50:45 Image size of job updated: 1342868
	1311  -  MemoryUsage of job (MB)
	1342360  -  ResidentSetSize of job (KB)
...
006 (56141135.009.000) 05/12 06:55:45 Image size of job updated: 1342928
	1311  -  MemoryUsage of job (MB)
	1342420  -  ResidentSetSize of job (KB)
...
006 (56141135.009.000) 05/12 07:00:47 Image size of job updated: 1342992
	1312  -  MemoryUsage of job (MB)
	1342484  -  ResidentSetSize of job (KB)
...
006 (56141135.009.000) 05/12 07:05:47 Image size of job updated: 1343044
	1312  -  MemoryUsage of job (MB)
	1342536  -  ResidentSetSize of job (KB)
...
006 (56141135.009.000) 05/12 07:10:47 Image size of job updated: 1343116
	1312  -  MemoryUsage of job (MB)
	1342608  -  ResidentSetSize of job (KB)
...
006 (56141135.009.000) 05/12 07:15:48 Image size of job updated: 1343172
	1312  -  MemoryUsage of job (MB)
	1342664  -  ResidentSetSize of job (KB)
...
006 (56141135.009.000) 05/12 07:20:49 Image size of job updated: 1343216
	1312  -  MemoryUsage of job (MB)
	1342708  -  ResidentSetSize of job (KB)
...
006 (56141135.009.000) 05/12 07:25:49 Image size of job updated: 1343268
	1312  -  MemoryUsage of job (MB)
	1342760  -  ResidentSetSize of job (KB)
...
006 (56141135.009.000) 05/12 07:30:50 Image size of job updated: 1343316
	1312  -  MemoryUsage of job (MB)
	1342808  -  ResidentSetSize of job (KB)
...
006 (56141135.009.000) 05/12 07:35:51 Image size of job updated: 1343368
	1312  -  MemoryUsage of job (MB)
	1342860  -  ResidentSetSize of job (KB)
...
006 (56141135.009.000) 05/12 07:40:51 Image size of job updated: 1343412
	1312  -  MemoryUsage of job (MB)
	1342904  -  ResidentSetSize of job (KB)
...
006 (56141135.009.000) 05/12 07:45:51 Image size of job updated: 1343468
	1312  -  MemoryUsage of job (MB)
	1342960  -  ResidentSetSize of job (KB)
...
006 (56141135.009.000) 05/12 07:50:52 Image size of job updated: 1343520
	1312  -  MemoryUsage of job (MB)
	1343012  -  ResidentSetSize of job (KB)
...
006 (56141135.009.000) 05/12 07:55:52 Image size of job updated: 1343584
	1312  -  MemoryUsage of job (MB)
	1343064  -  ResidentSetSize of job (KB)
...
006 (56141135.009.000) 05/12 14:56:34 Image size of job updated: 1440664
	1407  -  MemoryUsage of job (MB)
	1440156  -  ResidentSetSize of job (KB)
...
006 (56141135.009.000) 05/12 15:01:35 Image size of job updated: 1440700
	1407  -  MemoryUsage of job (MB)
	1440192  -  ResidentSetSize of job (KB)
...
006 (56141135.009.000) 05/12 15:06:36 Image size of job updated: 1440748
	1407  -  MemoryUsage of job (MB)
	1440240  -  ResidentSetSize of job (KB)
...
006 (56141135.009.000) 05/12 15:11:36 Image size of job updated: 1440792
	1407  -  MemoryUsage of job (MB)
	1440284  -  ResidentSetSize of job (KB)
...
006 (56141135.009.000) 05/12 15:16:37 Image size of job updated: 1440828
	1407  -  MemoryUsage of job (MB)
	1440320  -  ResidentSetSize of job (KB)
...
006 (56141135.009.000) 05/12 15:21:38 Image size of job updated: 1440876
	1407  -  MemoryUsage of job (MB)
	1440368  -  ResidentSetSize of job (KB)
...
006 (56141135.009.000) 05/12 15:26:38 Image size of job updated: 1440916
	1407  -  MemoryUsage of job (MB)
	1440408  -  ResidentSetSize of job (KB)
...
006 (56141135.009.000) 05/12 15:31:39 Image size of job updated: 1440932
	1407  -  MemoryUsage of job (MB)
	1440424  -  ResidentSetSize of job (KB)
...
006 (56141135.009.000) 05/12 15:36:40 Image size of job updated: 1441660
	1408  -  MemoryUsage of job (MB)
	1441152  -  ResidentSetSize of job (KB)
...
006 (56141135.009.000) 05/12 15:41:40 Image size of job updated: 1441696
	1408  -  MemoryUsage of job (MB)
	1441188  -  ResidentSetSize of job (KB)
...
006 (56141135.009.000) 05/12 15:46:40 Image size of job updated: 1441800
	1408  -  MemoryUsage of job (MB)
	1441292  -  ResidentSetSize of job (KB)
...
006 (56141135.009.000) 05/12 15:51:41 Image size of job updated: 1441832
	1408  -  MemoryUsage of job (MB)
	1441324  -  ResidentSetSize of job (KB)
...
006 (56141135.009.000) 05/12 15:56:41 Image size of job updated: 1441884
	1408  -  MemoryUsage of job (MB)
	1441376  -  ResidentSetSize of job (KB)
...
006 (56141135.009.000) 05/12 16:01:41 Image size of job updated: 1441960
	1408  -  MemoryUsage of job (MB)
	1441452  -  ResidentSetSize of job (KB)
...
006 (56141135.009.000) 05/12 16:06:41 Image size of job updated: 1442000
	1408  -  MemoryUsage of job (MB)
	1441492  -  ResidentSetSize of job (KB)
...
006 (56141135.009.000) 05/12 16:11:42 Image size of job updated: 1442068
	1408  -  MemoryUsage of job (MB)
	1441560  -  ResidentSetSize of job (KB)
...
006 (56141135.009.000) 05/12 16:16:42 Image size of job updated: 1442128
	1408  -  MemoryUsage of job (MB)
	1441620  -  ResidentSetSize of job (KB)
...
006 (56141135.009.000) 05/12 16:21:43 Image size of job updated: 1442212
	1408  -  MemoryUsage of job (MB)
	1441704  -  ResidentSetSize of job (KB)
...
006 (56141135.009.000) 05/12 16:26:44 Image size of job updated: 1442284
	1408  -  MemoryUsage of job (MB)
	1441776  -  ResidentSetSize of job (KB)
...
006 (56141135.009.000) 05/12 16:31:44 Image size of job updated: 1442372
	1409  -  MemoryUsage of job (MB)
	1441864  -  ResidentSetSize of job (KB)
...
006 (56141135.009.000) 05/12 16:36:45 Image size of job updated: 1442452
	1409  -  MemoryUsage of job (MB)
	1441944  -  ResidentSetSize of job (KB)
...
006 (56141135.009.000) 05/12 16:41:46 Image size of job updated: 1442524
	1409  -  MemoryUsage of job (MB)
	1442016  -  ResidentSetSize of job (KB)
...
006 (56141135.009.000) 05/12 16:46:46 Image size of job updated: 1442592
	1409  -  MemoryUsage of job (MB)
	1442084  -  ResidentSetSize of job (KB)
...
006 (56141135.009.000) 05/12 16:51:47 Image size of job updated: 1442672
	1409  -  MemoryUsage of job (MB)
	1442164  -  ResidentSetSize of job (KB)
...
006 (56141135.009.000) 05/12 16:56:48 Image size of job updated: 1442744
	1409  -  MemoryUsage of job (MB)
	1442236  -  ResidentSetSize of job (KB)
...
006 (56141135.009.000) 05/12 17:01:48 Image size of job updated: 1442836
	1409  -  MemoryUsage of job (MB)
	1442328  -  ResidentSetSize of job (KB)
...
006 (56141135.009.000) 05/12 17:06:48 Image size of job updated: 1442896
	1409  -  MemoryUsage of job (MB)
	1442388  -  ResidentSetSize of job (KB)
...
006 (56141135.009.000) 05/12 17:11:49 Image size of job updated: 1442956
	1409  -  MemoryUsage of job (MB)
	1442448  -  ResidentSetSize of job (KB)
...
006 (56141135.009.000) 05/12 17:16:49 Image size of job updated: 1443028
	1409  -  MemoryUsage of job (MB)
	1442520  -  ResidentSetSize of job (KB)
...
006 (56141135.009.000) 05/12 17:21:49 Image size of job updated: 1443092
	1409  -  MemoryUsage of job (MB)
	1442584  -  ResidentSetSize of job (KB)
...
006 (56141135.009.000) 05/12 17:26:50 Image size of job updated: 1443128
	1409  -  MemoryUsage of job (MB)
	1442620  -  ResidentSetSize of job (KB)
...
006 (56141135.009.000) 05/12 17:31:50 Image size of job updated: 1443216
	1409  -  MemoryUsage of job (MB)
	1442708  -  ResidentSetSize of job (KB)
...
006 (56141135.009.000) 05/12 17:36:50 Image size of job updated: 1443288
	1409  -  MemoryUsage of job (MB)
	1442780  -  ResidentSetSize of job (KB)
...
006 (56141135.009.000) 05/12 17:41:51 Image size of job updated: 1443332
	1410  -  MemoryUsage of job (MB)
	1442824  -  ResidentSetSize of job (KB)
...
006 (56141135.009.000) 05/12 17:46:52 Image size of job updated: 1443404
	1410  -  MemoryUsage of job (MB)
	1442896  -  ResidentSetSize of job (KB)
...
006 (56141135.009.000) 05/12 17:51:52 Image size of job updated: 1443460
	1410  -  MemoryUsage of job (MB)
	1442952  -  ResidentSetSize of job (KB)
...
006 (56141135.009.000) 05/12 17:56:53 Image size of job updated: 1443524
	1410  -  MemoryUsage of job (MB)
	1443016  -  ResidentSetSize of job (KB)
...
006 (56141135.009.000) 05/12 18:01:54 Image size of job updated: 1443584
	1410  -  MemoryUsage of job (MB)
	1443076  -  ResidentSetSize of job (KB)
...
006 (56141135.009.000) 05/12 18:06:54 Image size of job updated: 1443628
	1410  -  MemoryUsage of job (MB)
	1443120  -  ResidentSetSize of job (KB)
...
006 (56141135.009.000) 05/12 18:11:55 Image size of job updated: 1443692
	1410  -  MemoryUsage of job (MB)
	1443184  -  ResidentSetSize of job (KB)
...
006 (56141135.009.000) 05/12 18:16:56 Image size of job updated: 1443740
	1410  -  MemoryUsage of job (MB)
	1443232  -  ResidentSetSize of job (KB)
...
006 (56141135.009.000) 05/12 18:21:56 Image size of job updated: 1443804
	1410  -  MemoryUsage of job (MB)
	1443296  -  ResidentSetSize of job (KB)
...
006 (56141135.009.000) 05/12 18:26:56 Image size of job updated: 1443844
	1410  -  MemoryUsage of job (MB)
	1443336  -  ResidentSetSize of job (KB)
...
006 (56141135.009.000) 05/12 18:31:57 Image size of job updated: 1443892
	1410  -  MemoryUsage of job (MB)
	1443384  -  ResidentSetSize of job (KB)
...
006 (56141135.009.000) 05/12 18:36:57 Image size of job updated: 1443956
	1410  -  MemoryUsage of job (MB)
	1443448  -  ResidentSetSize of job (KB)
...
006 (56141135.009.000) 05/12 18:41:57 Image size of job updated: 1443996
	1410  -  MemoryUsage of job (MB)
	1443488  -  ResidentSetSize of job (KB)
...
006 (56141135.009.000) 05/12 18:46:58 Image size of job updated: 1444056
	1410  -  MemoryUsage of job (MB)
	1443548  -  ResidentSetSize of job (KB)
...
006 (56141135.009.000) 05/12 18:51:58 Image size of job updated: 1444108
	1410  -  MemoryUsage of job (MB)
	1443600  -  ResidentSetSize of job (KB)
...
006 (56141135.009.000) 05/12 18:56:58 Image size of job updated: 1444156
	1410  -  MemoryUsage of job (MB)
	1443648  -  ResidentSetSize of job (KB)
...
006 (56141135.009.000) 05/12 19:01:58 Image size of job updated: 1444208
	1410  -  MemoryUsage of job (MB)
	1443700  -  ResidentSetSize of job (KB)
...
006 (56141135.008.000) 05/12 19:05:48 Image size of job updated: 3115468
	3042  -  MemoryUsage of job (MB)
	3114932  -  ResidentSetSize of job (KB)
...
006 (56141135.009.000) 05/12 19:06:59 Image size of job updated: 1444284
	1410  -  MemoryUsage of job (MB)
	1443776  -  ResidentSetSize of job (KB)
...
006 (56141135.009.000) 05/12 19:11:59 Image size of job updated: 1444332
	1410  -  MemoryUsage of job (MB)
	1443824  -  ResidentSetSize of job (KB)
...
006 (56141135.009.000) 05/12 19:17:00 Image size of job updated: 1444380
	1411  -  MemoryUsage of job (MB)
	1443872  -  ResidentSetSize of job (KB)
...
006 (56141135.009.000) 05/12 19:22:01 Image size of job updated: 1444432
	1411  -  MemoryUsage of job (MB)
	1443924  -  ResidentSetSize of job (KB)
...
006 (56141135.009.000) 05/12 19:27:01 Image size of job updated: 1444480
	1411  -  MemoryUsage of job (MB)
	1443972  -  ResidentSetSize of job (KB)
...
006 (56141135.009.000) 05/12 19:32:02 Image size of job updated: 1444528
	1411  -  MemoryUsage of job (MB)
	1444020  -  ResidentSetSize of job (KB)
...
006 (56141135.009.000) 05/12 19:37:03 Image size of job updated: 1444584
	1411  -  MemoryUsage of job (MB)
	1444076  -  ResidentSetSize of job (KB)
...
006 (56141135.009.000) 05/12 19:42:03 Image size of job updated: 1444640
	1411  -  MemoryUsage of job (MB)
	1444132  -  ResidentSetSize of job (KB)
...
006 (56141135.009.000) 05/12 19:47:04 Image size of job updated: 1444688
	1411  -  MemoryUsage of job (MB)
	1444180  -  ResidentSetSize of job (KB)
...
006 (56141135.009.000) 05/12 19:52:05 Image size of job updated: 1444744
	1411  -  MemoryUsage of job (MB)
	1444236  -  ResidentSetSize of job (KB)
...
006 (56141135.009.000) 05/12 19:57:05 Image size of job updated: 1444812
	1411  -  MemoryUsage of job (MB)
	1444304  -  ResidentSetSize of job (KB)
...
006 (56141135.009.000) 05/12 20:02:06 Image size of job updated: 1444844
	1411  -  MemoryUsage of job (MB)
	1444336  -  ResidentSetSize of job (KB)
...
006 (56141135.009.000) 05/12 20:07:07 Image size of job updated: 1444896
	1411  -  MemoryUsage of job (MB)
	1444388  -  ResidentSetSize of job (KB)
...
006 (56141135.009.000) 05/12 20:12:07 Image size of job updated: 1444952
	1411  -  MemoryUsage of job (MB)
	1444444  -  ResidentSetSize of job (KB)
...
006 (56141135.009.000) 05/12 20:17:07 Image size of job updated: 1445012
	1411  -  MemoryUsage of job (MB)
	1444504  -  ResidentSetSize of job (KB)
...
006 (56141135.009.000) 05/12 20:22:08 Image size of job updated: 1445064
	1411  -  MemoryUsage of job (MB)
	1444556  -  ResidentSetSize of job (KB)
...
006 (56141135.009.000) 05/12 20:27:08 Image size of job updated: 1445116
	1411  -  MemoryUsage of job (MB)
	1444608  -  ResidentSetSize of job (KB)
...
006 (56141135.009.000) 05/12 20:32:08 Image size of job updated: 1445148
	1411  -  MemoryUsage of job (MB)
	1444640  -  ResidentSetSize of job (KB)
...
006 (56141135.009.000) 05/12 20:37:09 Image size of job updated: 1445208
	1411  -  MemoryUsage of job (MB)
	1444700  -  ResidentSetSize of job (KB)
...
006 (56141135.009.000) 05/12 20:42:10 Image size of job updated: 1445248
	1411  -  MemoryUsage of job (MB)
	1444740  -  ResidentSetSize of job (KB)
...
006 (56141135.009.000) 05/12 20:47:10 Image size of job updated: 1445320
	1411  -  MemoryUsage of job (MB)
	1444812  -  ResidentSetSize of job (KB)
...
006 (56141135.009.000) 05/12 20:52:11 Image size of job updated: 1445352
	1411  -  MemoryUsage of job (MB)
	1444844  -  ResidentSetSize of job (KB)
...
006 (56141135.009.000) 05/12 20:57:12 Image size of job updated: 1445404
	1412  -  MemoryUsage of job (MB)
	1444896  -  ResidentSetSize of job (KB)
...
006 (56141135.009.000) 05/12 21:02:12 Image size of job updated: 1445464
	1412  -  MemoryUsage of job (MB)
	1444956  -  ResidentSetSize of job (KB)
...
006 (56141135.009.000) 05/12 21:07:13 Image size of job updated: 1445508
	1412  -  MemoryUsage of job (MB)
	1445000  -  ResidentSetSize of job (KB)
...
006 (56141135.009.000) 05/12 21:12:14 Image size of job updated: 1445556
	1412  -  MemoryUsage of job (MB)
	1445048  -  ResidentSetSize of job (KB)
...
006 (56141135.009.000) 05/12 21:17:14 Image size of job updated: 1445624
	1412  -  MemoryUsage of job (MB)
	1445116  -  ResidentSetSize of job (KB)
...
006 (56141135.009.000) 05/12 21:22:15 Image size of job updated: 1445664
	1412  -  MemoryUsage of job (MB)
	1445156  -  ResidentSetSize of job (KB)
...
006 (56141135.009.000) 05/12 21:27:16 Image size of job updated: 1445728
	1412  -  MemoryUsage of job (MB)
	1445220  -  ResidentSetSize of job (KB)
...
006 (56141135.009.000) 05/12 21:32:16 Image size of job updated: 1445772
	1412  -  MemoryUsage of job (MB)
	1445264  -  ResidentSetSize of job (KB)
...
006 (56141135.009.000) 05/12 21:37:16 Image size of job updated: 1445824
	1412  -  MemoryUsage of job (MB)
	1445316  -  ResidentSetSize of job (KB)
...
006 (56141135.009.000) 05/12 21:42:17 Image size of job updated: 1445888
	1412  -  MemoryUsage of job (MB)
	1445380  -  ResidentSetSize of job (KB)
...
006 (56141135.009.000) 05/12 21:47:18 Image size of job updated: 1445936
	1412  -  MemoryUsage of job (MB)
	1445428  -  ResidentSetSize of job (KB)
...
005 (56141135.007.000) 05/12 21:47:24 Job terminated.
	(1) Normal termination (return value 0)
		Usr 24 19:15:52, Sys 0 15:12:51  -  Run Remote Usage
		Usr 0 00:00:00, Sys 0 00:00:00  -  Run Local Usage
		Usr 24 19:15:52, Sys 0 15:12:51  -  Total Remote Usage
		Usr 0 00:00:00, Sys 0 00:00:00  -  Total Local Usage
	266400  -  Run Bytes Sent By Job
	77548264  -  Run Bytes Received By Job
	266400  -  Total Bytes Sent By Job
	77548264  -  Total Bytes Received By Job
	Partitionable Resources :       Usage  Request Allocated 
	   Cpus                 :        1.00       16        16 
	   Disk (KB)            : 27885641          30    362323 
	   Ioheavy              :                              0 
	   Memory (MB)          :     3523       49152     49152 
...
006 (56141135.009.000) 05/12 21:52:18 Image size of job updated: 1445984
	1412  -  MemoryUsage of job (MB)
	1445476  -  ResidentSetSize of job (KB)
...
006 (56141135.009.000) 05/12 21:57:19 Image size of job updated: 1446040
	1412  -  MemoryUsage of job (MB)
	1445532  -  ResidentSetSize of job (KB)
...
005 (56141135.006.000) 05/12 21:58:13 Job terminated.
	(1) Normal termination (return value 0)
		Usr 26 22:59:54, Sys 0 00:23:35  -  Run Remote Usage
		Usr 0 00:00:00, Sys 0 00:00:00  -  Run Local Usage
		Usr 26 22:59:54, Sys 0 00:23:35  -  Total Remote Usage
		Usr 0 00:00:00, Sys 0 00:00:00  -  Total Local Usage
	266139  -  Run Bytes Sent By Job
	77548264  -  Run Bytes Received By Job
	266139  -  Total Bytes Sent By Job
	77548264  -  Total Bytes Received By Job
	Partitionable Resources :       Usage  Request Allocated 
	   Cpus                 :        0.98       16        16 
	   Disk (KB)            : 27877504          30    332399 
	   Ioheavy              :                              0 
	   Memory (MB)          :     3552       49152     49152 
...
006 (56141135.009.000) 05/12 22:02:20 Image size of job updated: 1446104
	1412  -  MemoryUsage of job (MB)
	1445596  -  ResidentSetSize of job (KB)
...
006 (56141135.009.000) 05/12 22:07:20 Image size of job updated: 1446164
	1412  -  MemoryUsage of job (MB)
	1445656  -  ResidentSetSize of job (KB)
...
006 (56141135.009.000) 05/12 22:12:21 Image size of job updated: 1446212
	1412  -  MemoryUsage of job (MB)
	1445704  -  ResidentSetSize of job (KB)
...
006 (56141135.009.000) 05/12 22:17:22 Image size of job updated: 1446264
	1412  -  MemoryUsage of job (MB)
	1445756  -  ResidentSetSize of job (KB)
...
006 (56141135.009.000) 05/12 22:22:22 Image size of job updated: 1446316
	1412  -  MemoryUsage of job (MB)
	1445808  -  ResidentSetSize of job (KB)
...
006 (56141135.009.000) 05/12 22:27:22 Image size of job updated: 1446364
	1412  -  MemoryUsage of job (MB)
	1445856  -  ResidentSetSize of job (KB)
...
006 (56141135.009.000) 05/12 22:32:22 Image size of job updated: 1446420
	1413  -  MemoryUsage of job (MB)
	1445912  -  ResidentSetSize of job (KB)
...
006 (56141135.009.000) 05/12 22:37:23 Image size of job updated: 1446456
	1413  -  MemoryUsage of job (MB)
	1445948  -  ResidentSetSize of job (KB)
...
006 (56141135.009.000) 05/12 22:42:23 Image size of job updated: 1446544
	1413  -  MemoryUsage of job (MB)
	1446036  -  ResidentSetSize of job (KB)
...
006 (56141135.009.000) 05/12 22:47:24 Image size of job updated: 1446604
	1413  -  MemoryUsage of job (MB)
	1446096  -  ResidentSetSize of job (KB)
...
006 (56141135.009.000) 05/12 22:52:25 Image size of job updated: 1819920
	1777  -  MemoryUsage of job (MB)
	1819380  -  ResidentSetSize of job (KB)
...
006 (56141135.008.000) 05/13 06:47:03 Image size of job updated: 3362556
	3284  -  MemoryUsage of job (MB)
	3362016  -  ResidentSetSize of job (KB)
...
005 (56141135.008.000) 05/13 16:53:11 Job terminated.
	(1) Normal termination (return value 0)
		Usr 36 19:39:20, Sys 0 12:30:55  -  Run Remote Usage
		Usr 0 00:00:00, Sys 0 00:00:00  -  Run Local Usage
		Usr 36 19:39:20, Sys 0 12:30:55  -  Total Remote Usage
		Usr 0 00:00:00, Sys 0 00:00:00  -  Total Local Usage
	266400  -  Run Bytes Sent By Job
	77548264  -  Run Bytes Received By Job
	266400  -  Total Bytes Sent By Job
	77548264  -  Total Bytes Received By Job
	Partitionable Resources :       Usage  Request Allocated 
	   Cpus                 :        1.03       16        16 
	   Disk (KB)            : 27894392          30    337320 
	   Ioheavy              :                              0 
	   Memory (MB)          :     3284       49152     49152 
...
006 (56141135.009.000) 05/14 01:40:09 Image size of job updated: 1948824
	1903  -  MemoryUsage of job (MB)
	1948336  -  ResidentSetSize of job (KB)
...
006 (56141135.009.000) 05/14 01:45:10 Image size of job updated: 1951228
	1906  -  MemoryUsage of job (MB)
	1950740  -  ResidentSetSize of job (KB)
...
006 (56141135.009.000) 05/14 01:50:10 Image size of job updated: 2093660
	2045  -  MemoryUsage of job (MB)
	2093152  -  ResidentSetSize of job (KB)
...
006 (56141135.009.000) 05/14 01:55:10 Image size of job updated: 2093684
	2045  -  MemoryUsage of job (MB)
	2093176  -  ResidentSetSize of job (KB)
...
006 (56141135.009.000) 05/14 02:00:11 Image size of job updated: 2093716
	2045  -  MemoryUsage of job (MB)
	2093208  -  ResidentSetSize of job (KB)
...
006 (56141135.009.000) 05/14 02:05:11 Image size of job updated: 2093740
	2045  -  MemoryUsage of job (MB)
	2093232  -  ResidentSetSize of job (KB)
...
006 (56141135.009.000) 05/14 02:10:12 Image size of job updated: 2094348
	2045  -  MemoryUsage of job (MB)
	2093840  -  ResidentSetSize of job (KB)
...
006 (56141135.009.000) 05/14 02:15:13 Image size of job updated: 2094488
	2045  -  MemoryUsage of job (MB)
	2093980  -  ResidentSetSize of job (KB)
...
006 (56141135.009.000) 05/14 02:20:13 Image size of job updated: 2094504
	2045  -  MemoryUsage of job (MB)
	2093996  -  ResidentSetSize of job (KB)
...
006 (56141135.009.000) 05/14 02:25:14 Image size of job updated: 2094520
	2045  -  MemoryUsage of job (MB)
	2094012  -  ResidentSetSize of job (KB)
...
006 (56141135.009.000) 05/14 02:30:14 Image size of job updated: 2094540
	2045  -  MemoryUsage of job (MB)
	2094032  -  ResidentSetSize of job (KB)
...
006 (56141135.009.000) 05/14 02:35:15 Image size of job updated: 2094544
	2045  -  MemoryUsage of job (MB)
	2094036  -  ResidentSetSize of job (KB)
...
006 (56141135.009.000) 05/14 02:40:16 Image size of job updated: 2094556
	2045  -  MemoryUsage of job (MB)
	2094048  -  ResidentSetSize of job (KB)
...
006 (56141135.009.000) 05/14 02:45:16 Image size of job updated: 2094568
	2045  -  MemoryUsage of job (MB)
	2094060  -  ResidentSetSize of job (KB)
...
006 (56141135.009.000) 05/14 02:50:17 Image size of job updated: 2094588
	2045  -  MemoryUsage of job (MB)
	2094080  -  ResidentSetSize of job (KB)
...
006 (56141135.009.000) 05/14 02:55:17 Image size of job updated: 2094592
	2046  -  MemoryUsage of job (MB)
	2094084  -  ResidentSetSize of job (KB)
...
006 (56141135.009.000) 05/14 03:00:17 Image size of job updated: 2094604
	2046  -  MemoryUsage of job (MB)
	2094096  -  ResidentSetSize of job (KB)
...
006 (56141135.009.000) 05/14 03:05:18 Image size of job updated: 2094612
	2046  -  MemoryUsage of job (MB)
	2094104  -  ResidentSetSize of job (KB)
...
006 (56141135.009.000) 05/14 03:10:18 Image size of job updated: 2094624
	2046  -  MemoryUsage of job (MB)
	2094116  -  ResidentSetSize of job (KB)
...
006 (56141135.009.000) 05/14 03:15:19 Image size of job updated: 2094636
	2046  -  MemoryUsage of job (MB)
	2094128  -  ResidentSetSize of job (KB)
...
007 (56141135.009.000) 05/14 03:17:51 Shadow exception!
	Error from slot1_2@e398.chtc.wisc.edu: Job failed to complete in 72 hrs
	0  -  Run Bytes Sent By Job
	77548264  -  Run Bytes Received By Job
...
012 (56141135.009.000) 05/14 03:17:51 Job was held.
	Error from slot1_2@e398.chtc.wisc.edu: Job failed to complete in 72 hrs
	Code 21 Subcode 0
...
009 (56141135.009.000) 05/14 12:14:43 Job was aborted by the user.
	via condor_rm (by user cdrummond)
...
