000 (56142217.000.000) 05/16 04:06:52 Job submitted from host: <128.104.101.92:9618?addrs=128.104.101.92-9618+[2607-f388-107c-501-a036-9fff-fe3c-caa8]-9618&noUDP&sock=80160_0fa6_3>
    DAG Node: G
...
000 (56142217.001.000) 05/16 04:06:52 Job submitted from host: <128.104.101.92:9618?addrs=128.104.101.92-9618+[2607-f388-107c-501-a036-9fff-fe3c-caa8]-9618&noUDP&sock=80160_0fa6_3>
    DAG Node: G
...
000 (56142217.002.000) 05/16 04:06:52 Job submitted from host: <128.104.101.92:9618?addrs=128.104.101.92-9618+[2607-f388-107c-501-a036-9fff-fe3c-caa8]-9618&noUDP&sock=80160_0fa6_3>
    DAG Node: G
...
000 (56142217.003.000) 05/16 04:06:52 Job submitted from host: <128.104.101.92:9618?addrs=128.104.101.92-9618+[2607-f388-107c-501-a036-9fff-fe3c-caa8]-9618&noUDP&sock=80160_0fa6_3>
    DAG Node: G
...
000 (56142217.004.000) 05/16 04:06:52 Job submitted from host: <128.104.101.92:9618?addrs=128.104.101.92-9618+[2607-f388-107c-501-a036-9fff-fe3c-caa8]-9618&noUDP&sock=80160_0fa6_3>
    DAG Node: G
...
000 (56142217.005.000) 05/16 04:06:52 Job submitted from host: <128.104.101.92:9618?addrs=128.104.101.92-9618+[2607-f388-107c-501-a036-9fff-fe3c-caa8]-9618&noUDP&sock=80160_0fa6_3>
    DAG Node: G
...
000 (56142217.006.000) 05/16 04:06:52 Job submitted from host: <128.104.101.92:9618?addrs=128.104.101.92-9618+[2607-f388-107c-501-a036-9fff-fe3c-caa8]-9618&noUDP&sock=80160_0fa6_3>
    DAG Node: G
...
000 (56142217.007.000) 05/16 04:06:52 Job submitted from host: <128.104.101.92:9618?addrs=128.104.101.92-9618+[2607-f388-107c-501-a036-9fff-fe3c-caa8]-9618&noUDP&sock=80160_0fa6_3>
    DAG Node: G
...
000 (56142217.008.000) 05/16 04:06:52 Job submitted from host: <128.104.101.92:9618?addrs=128.104.101.92-9618+[2607-f388-107c-501-a036-9fff-fe3c-caa8]-9618&noUDP&sock=80160_0fa6_3>
    DAG Node: G
...
001 (56142217.000.000) 05/16 04:06:57 Job executing on host: <128.105.245.234:9618?addrs=128.105.245.234-9618&noUDP&sock=5449_23a5_29>
...
006 (56142217.000.000) 05/16 04:07:05 Image size of job updated: 524
	1  -  MemoryUsage of job (MB)
	488  -  ResidentSetSize of job (KB)
...
006 (56142217.000.000) 05/16 04:12:05 Image size of job updated: 528
	1  -  MemoryUsage of job (MB)
	492  -  ResidentSetSize of job (KB)
...
006 (56142217.000.000) 05/16 04:17:05 Image size of job updated: 2144472
	2094  -  MemoryUsage of job (MB)
	2143740  -  ResidentSetSize of job (KB)
...
001 (56142217.001.000) 05/16 04:18:16 Job executing on host: <128.105.245.254:9618?addrs=128.105.245.254-9618&noUDP&sock=5430_1b59_27>
...
006 (56142217.001.000) 05/16 04:18:25 Image size of job updated: 412
	1  -  MemoryUsage of job (MB)
	412  -  ResidentSetSize of job (KB)
...
001 (56142217.002.000) 05/16 04:18:56 Job executing on host: <128.105.245.178:9618?addrs=128.105.245.178-9618&noUDP&sock=5426_5cf8_29>
...
006 (56142217.002.000) 05/16 04:19:04 Image size of job updated: 500
	1  -  MemoryUsage of job (MB)
	484  -  ResidentSetSize of job (KB)
...
001 (56142217.005.000) 05/16 04:20:52 Job executing on host: <128.105.245.169:9618?addrs=128.105.245.169-9618&noUDP&sock=5489_936f_3>
...
006 (56142217.005.000) 05/16 04:21:02 Image size of job updated: 412
	1  -  MemoryUsage of job (MB)
	412  -  ResidentSetSize of job (KB)
...
001 (56142217.003.000) 05/16 04:21:28 Job executing on host: <128.105.245.250:9618?addrs=128.105.245.250-9618&noUDP&sock=1694_8585_3>
...
001 (56142217.004.000) 05/16 04:21:32 Job executing on host: <128.105.245.241:9618?addrs=128.105.245.241-9618&noUDP&sock=33549_66e8_3>
...
006 (56142217.003.000) 05/16 04:21:37 Image size of job updated: 520
	1  -  MemoryUsage of job (MB)
	520  -  ResidentSetSize of job (KB)
...
006 (56142217.004.000) 05/16 04:21:40 Image size of job updated: 516
	1  -  MemoryUsage of job (MB)
	516  -  ResidentSetSize of job (KB)
...
006 (56142217.000.000) 05/16 04:22:06 Image size of job updated: 2191340
	2140  -  MemoryUsage of job (MB)
	2190608  -  ResidentSetSize of job (KB)
...
001 (56142217.006.000) 05/16 04:23:22 Job executing on host: <128.105.245.199:9618?addrs=128.105.245.199-9618&noUDP&sock=5436_38ea_3>
...
001 (56142217.007.000) 05/16 04:23:22 Job executing on host: <128.105.245.199:9618?addrs=128.105.245.199-9618&noUDP&sock=5436_38ea_3>
...
006 (56142217.001.000) 05/16 04:23:25 Image size of job updated: 484
	1  -  MemoryUsage of job (MB)
	484  -  ResidentSetSize of job (KB)
...
006 (56142217.006.000) 05/16 04:23:30 Image size of job updated: 488
	1  -  MemoryUsage of job (MB)
	488  -  ResidentSetSize of job (KB)
...
006 (56142217.007.000) 05/16 04:23:32 Image size of job updated: 484
	1  -  MemoryUsage of job (MB)
	484  -  ResidentSetSize of job (KB)
...
001 (56142217.008.000) 05/16 04:25:48 Job executing on host: <128.105.245.198:9618?addrs=128.105.245.198-9618&noUDP&sock=25034_d1fb_29>
...
006 (56142217.008.000) 05/16 04:25:57 Image size of job updated: 484
	1  -  MemoryUsage of job (MB)
	484  -  ResidentSetSize of job (KB)
...
006 (56142217.005.000) 05/16 04:26:02 Image size of job updated: 239116
	233  -  MemoryUsage of job (MB)
	238420  -  ResidentSetSize of job (KB)
...
006 (56142217.000.000) 05/16 04:27:06 Image size of job updated: 2207380
	2155  -  MemoryUsage of job (MB)
	2206648  -  ResidentSetSize of job (KB)
...
006 (56142217.001.000) 05/16 04:28:25 Image size of job updated: 1778916
	1737  -  MemoryUsage of job (MB)
	1778220  -  ResidentSetSize of job (KB)
...
006 (56142217.005.000) 05/16 04:31:02 Image size of job updated: 2286916
	2233  -  MemoryUsage of job (MB)
	2286220  -  ResidentSetSize of job (KB)
...
006 (56142217.000.000) 05/16 04:32:06 Image size of job updated: 2211288
	2159  -  MemoryUsage of job (MB)
	2210556  -  ResidentSetSize of job (KB)
...
006 (56142217.001.000) 05/16 04:33:27 Image size of job updated: 2331880
	2277  -  MemoryUsage of job (MB)
	2331184  -  ResidentSetSize of job (KB)
...
006 (56142217.005.000) 05/16 04:36:04 Image size of job updated: 2312164
	2258  -  MemoryUsage of job (MB)
	2311468  -  ResidentSetSize of job (KB)
...
006 (56142217.000.000) 05/16 04:37:08 Image size of job updated: 2239232
	2159  -  MemoryUsage of job (MB)
	2210556  -  ResidentSetSize of job (KB)
...
006 (56142217.001.000) 05/16 04:38:27 Image size of job updated: 2348008
	2293  -  MemoryUsage of job (MB)
	2347312  -  ResidentSetSize of job (KB)
...
006 (56142217.005.000) 05/16 04:41:04 Image size of job updated: 2315392
	2261  -  MemoryUsage of job (MB)
	2314696  -  ResidentSetSize of job (KB)
...
006 (56142217.001.000) 05/16 04:43:28 Image size of job updated: 2349368
	2294  -  MemoryUsage of job (MB)
	2348672  -  ResidentSetSize of job (KB)
...
005 (56142217.000.000) 05/16 04:44:42 Job terminated.
	(1) Normal termination (return value 0)
		Usr 0 00:31:29, Sys 0 00:01:04  -  Run Remote Usage
		Usr 0 00:00:00, Sys 0 00:00:00  -  Run Local Usage
		Usr 0 00:31:29, Sys 0 00:01:04  -  Total Remote Usage
		Usr 0 00:00:00, Sys 0 00:00:00  -  Total Local Usage
	55508  -  Run Bytes Sent By Job
	77533504  -  Run Bytes Received By Job
	55508  -  Total Bytes Sent By Job
	77533504  -  Total Bytes Received By Job
	Partitionable Resources :       Usage  Request Allocated 
	   Cpus                 :        1.00        4        16 
	   Disk (KB)            : 19326022          30    375159 
	   Ioheavy              :                              0 
	   Memory (MB)          :     2159       24576     32768 
...
006 (56142217.005.000) 05/16 04:46:04 Image size of job updated: 2332128
	2277  -  MemoryUsage of job (MB)
	2331432  -  ResidentSetSize of job (KB)
...
006 (56142217.001.000) 05/16 04:48:28 Image size of job updated: 2382908
	2327  -  MemoryUsage of job (MB)
	2382172  -  ResidentSetSize of job (KB)
...
006 (56142217.008.000) 05/16 04:50:59 Image size of job updated: 2197000
	2145  -  MemoryUsage of job (MB)
	2196304  -  ResidentSetSize of job (KB)
...
006 (56142217.005.000) 05/16 04:51:06 Image size of job updated: 2353336
	2277  -  MemoryUsage of job (MB)
	2331432  -  ResidentSetSize of job (KB)
...
006 (56142217.001.000) 05/16 04:53:28 Image size of job updated: 2382940
	2327  -  MemoryUsage of job (MB)
	2382172  -  ResidentSetSize of job (KB)
...
006 (56142217.008.000) 05/16 04:55:59 Image size of job updated: 2226352
	2174  -  MemoryUsage of job (MB)
	2225656  -  ResidentSetSize of job (KB)
...
005 (56142217.005.000) 05/16 04:56:20 Job terminated.
	(1) Normal termination (return value 0)
		Usr 0 00:28:29, Sys 0 00:01:01  -  Run Remote Usage
		Usr 0 00:00:00, Sys 0 00:00:00  -  Run Local Usage
		Usr 0 00:28:29, Sys 0 00:01:01  -  Total Remote Usage
		Usr 0 00:00:00, Sys 0 00:00:00  -  Total Local Usage
	55507  -  Run Bytes Sent By Job
	77533504  -  Run Bytes Received By Job
	55507  -  Total Bytes Sent By Job
	77533504  -  Total Bytes Received By Job
	Partitionable Resources :       Usage  Request Allocated 
	   Cpus                 :        0.02        4         4 
	   Disk (KB)            : 18828600          30    295232 
	   Ioheavy              :                              0 
	   Memory (MB)          :     2277       24576     24576 
...
006 (56142217.008.000) 05/16 05:01:00 Image size of job updated: 2244008
	2191  -  MemoryUsage of job (MB)
	2243312  -  ResidentSetSize of job (KB)
...
006 (56142217.008.000) 05/16 05:06:01 Image size of job updated: 2254120
	2201  -  MemoryUsage of job (MB)
	2253424  -  ResidentSetSize of job (KB)
...
006 (56142217.003.000) 05/16 05:06:43 Image size of job updated: 373612
	365  -  MemoryUsage of job (MB)
	372916  -  ResidentSetSize of job (KB)
...
006 (56142217.002.000) 05/16 05:09:08 Image size of job updated: 504
	1  -  MemoryUsage of job (MB)
	488  -  ResidentSetSize of job (KB)
...
005 (56142217.001.000) 05/16 05:10:44 Job terminated.
	(1) Normal termination (return value 0)
		Usr 0 00:30:46, Sys 0 00:01:04  -  Run Remote Usage
		Usr 0 00:00:00, Sys 0 00:00:00  -  Run Local Usage
		Usr 0 00:30:46, Sys 0 00:01:04  -  Total Remote Usage
		Usr 0 00:00:00, Sys 0 00:00:00  -  Total Local Usage
	55510  -  Run Bytes Sent By Job
	77533504  -  Run Bytes Received By Job
	55510  -  Total Bytes Sent By Job
	77533504  -  Total Bytes Received By Job
	Partitionable Resources :       Usage  Request Allocated 
	   Cpus                 :        0.03        4         4 
	   Disk (KB)            : 19118584          30    357106 
	   Ioheavy              :                              0 
	   Memory (MB)          :     2327       24576     24576 
...
006 (56142217.008.000) 05/16 05:11:01 Image size of job updated: 2272208
	2201  -  MemoryUsage of job (MB)
	2253424  -  ResidentSetSize of job (KB)
...
006 (56142217.003.000) 05/16 05:11:45 Image size of job updated: 2358032
	2303  -  MemoryUsage of job (MB)
	2357336  -  ResidentSetSize of job (KB)
...
006 (56142217.003.000) 05/16 05:16:45 Image size of job updated: 2374616
	2319  -  MemoryUsage of job (MB)
	2373920  -  ResidentSetSize of job (KB)
...
006 (56142217.003.000) 05/16 05:21:45 Image size of job updated: 2377192
	2321  -  MemoryUsage of job (MB)
	2376496  -  ResidentSetSize of job (KB)
...
005 (56142217.008.000) 05/16 05:25:42 Job terminated.
	(1) Normal termination (return value 0)
		Usr 0 00:30:09, Sys 0 00:01:20  -  Run Remote Usage
		Usr 0 00:00:00, Sys 0 00:00:00  -  Run Local Usage
		Usr 0 00:30:09, Sys 0 00:01:20  -  Total Remote Usage
		Usr 0 00:00:00, Sys 0 00:00:00  -  Total Local Usage
	55506  -  Run Bytes Sent By Job
	77533504  -  Run Bytes Received By Job
	55506  -  Total Bytes Sent By Job
	77533504  -  Total Bytes Received By Job
	Partitionable Resources :       Usage  Request Allocated 
	   Cpus                 :        0.05        4         4 
	   Disk (KB)            : 18791930          30    355006 
	   Ioheavy              :                              0 
	   Memory (MB)          :     2201       24576     24576 
...
006 (56142217.003.000) 05/16 05:26:49 Image size of job updated: 2385352
	2329  -  MemoryUsage of job (MB)
	2384656  -  ResidentSetSize of job (KB)
...
006 (56142217.003.000) 05/16 05:31:47 Image size of job updated: 2421676
	2329  -  MemoryUsage of job (MB)
	2384656  -  ResidentSetSize of job (KB)
...
006 (56142217.004.000) 05/16 05:31:48 Image size of job updated: 1973448
	1927  -  MemoryUsage of job (MB)
	1972752  -  ResidentSetSize of job (KB)
...
006 (56142217.004.000) 05/16 05:36:48 Image size of job updated: 2324936
	2270  -  MemoryUsage of job (MB)
	2324240  -  ResidentSetSize of job (KB)
...
006 (56142217.002.000) 05/16 05:39:10 Image size of job updated: 2187468
	2136  -  MemoryUsage of job (MB)
	2186756  -  ResidentSetSize of job (KB)
...
006 (56142217.004.000) 05/16 05:41:48 Image size of job updated: 2340096
	2285  -  MemoryUsage of job (MB)
	2339400  -  ResidentSetSize of job (KB)
...
006 (56142217.002.000) 05/16 05:44:10 Image size of job updated: 2373560
	2318  -  MemoryUsage of job (MB)
	2372848  -  ResidentSetSize of job (KB)
...
006 (56142217.004.000) 05/16 05:46:51 Image size of job updated: 2344996
	2290  -  MemoryUsage of job (MB)
	2344300  -  ResidentSetSize of job (KB)
...
006 (56142217.007.000) 05/16 05:48:38 Image size of job updated: 488
	1  -  MemoryUsage of job (MB)
	488  -  ResidentSetSize of job (KB)
...
006 (56142217.006.000) 05/16 05:48:39 Image size of job updated: 492
	1  -  MemoryUsage of job (MB)
	492  -  ResidentSetSize of job (KB)
...
006 (56142217.002.000) 05/16 05:49:10 Image size of job updated: 2390448
	2334  -  MemoryUsage of job (MB)
	2389736  -  ResidentSetSize of job (KB)
...
006 (56142217.004.000) 05/16 05:51:49 Image size of job updated: 2381792
	2290  -  MemoryUsage of job (MB)
	2344300  -  ResidentSetSize of job (KB)
...
006 (56142217.002.000) 05/16 05:54:13 Image size of job updated: 2393268
	2337  -  MemoryUsage of job (MB)
	2392556  -  ResidentSetSize of job (KB)
...
005 (56142217.003.000) 05/16 05:57:59 Job terminated.
	(1) Normal termination (return value 0)
		Usr 0 00:31:44, Sys 0 00:01:25  -  Run Remote Usage
		Usr 0 00:00:00, Sys 0 00:00:00  -  Run Local Usage
		Usr 0 00:31:44, Sys 0 00:01:25  -  Total Remote Usage
		Usr 0 00:00:00, Sys 0 00:00:00  -  Total Local Usage
	55510  -  Run Bytes Sent By Job
	77533504  -  Run Bytes Received By Job
	55510  -  Total Bytes Sent By Job
	77533504  -  Total Bytes Received By Job
	Partitionable Resources :       Usage  Request Allocated 
	   Cpus                 :        0.03        4         4 
	   Disk (KB)            : 18925045          30    338575 
	   Ioheavy              :                              0 
	   Memory (MB)          :     2329       24576     24576 
...
006 (56142217.002.000) 05/16 05:59:12 Image size of job updated: 2639032
	2337  -  MemoryUsage of job (MB)
	2392556  -  ResidentSetSize of job (KB)
...
006 (56142217.007.000) 05/16 06:28:43 Image size of job updated: 2224484
	2172  -  MemoryUsage of job (MB)
	2223788  -  ResidentSetSize of job (KB)
...
006 (56142217.006.000) 05/16 06:28:46 Image size of job updated: 2247396
	2195  -  MemoryUsage of job (MB)
	2246700  -  ResidentSetSize of job (KB)
...
006 (56142217.007.000) 05/16 06:33:43 Image size of job updated: 2250904
	2198  -  MemoryUsage of job (MB)
	2250208  -  ResidentSetSize of job (KB)
...
006 (56142217.006.000) 05/16 06:33:45 Image size of job updated: 2276680
	2223  -  MemoryUsage of job (MB)
	2275984  -  ResidentSetSize of job (KB)
...
005 (56142217.002.000) 05/16 06:34:22 Job terminated.
	(1) Normal termination (return value 0)
		Usr 0 00:31:28, Sys 0 00:01:27  -  Run Remote Usage
		Usr 0 00:00:00, Sys 0 00:00:00  -  Run Local Usage
		Usr 0 00:31:28, Sys 0 00:01:27  -  Total Remote Usage
		Usr 0 00:00:00, Sys 0 00:00:00  -  Total Local Usage
	55506  -  Run Bytes Sent By Job
	77533504  -  Run Bytes Received By Job
	55506  -  Total Bytes Sent By Job
	77533504  -  Total Bytes Received By Job
	Partitionable Resources :       Usage  Request Allocated 
	   Cpus                 :        0.02        4         4 
	   Disk (KB)            : 19011562          30    335098 
	   Ioheavy              :                              0 
	   Memory (MB)          :     2337       24576     24576 
...
006 (56142217.007.000) 05/16 06:38:43 Image size of job updated: 2264008
	2211  -  MemoryUsage of job (MB)
	2263312  -  ResidentSetSize of job (KB)
...
006 (56142217.006.000) 05/16 06:38:45 Image size of job updated: 2282464
	2229  -  MemoryUsage of job (MB)
	2281768  -  ResidentSetSize of job (KB)
...
006 (56142217.007.000) 05/16 06:43:45 Image size of job updated: 2270752
	2217  -  MemoryUsage of job (MB)
	2270056  -  ResidentSetSize of job (KB)
...
006 (56142217.006.000) 05/16 06:43:46 Image size of job updated: 2290056
	2236  -  MemoryUsage of job (MB)
	2289360  -  ResidentSetSize of job (KB)
...
006 (56142217.007.000) 05/16 06:48:45 Image size of job updated: 2310916
	2217  -  MemoryUsage of job (MB)
	2270056  -  ResidentSetSize of job (KB)
...
006 (56142217.006.000) 05/16 06:48:46 Image size of job updated: 2328892
	2236  -  MemoryUsage of job (MB)
	2289360  -  ResidentSetSize of job (KB)
...
005 (56142217.004.000) 05/16 07:48:23 Job terminated.
	(1) Normal termination (return value 0)
		Usr 0 00:29:55, Sys 0 00:01:15  -  Run Remote Usage
		Usr 0 00:00:00, Sys 0 00:00:00  -  Run Local Usage
		Usr 0 00:29:55, Sys 0 00:01:15  -  Total Remote Usage
		Usr 0 00:00:00, Sys 0 00:00:00  -  Total Local Usage
	55503  -  Run Bytes Sent By Job
	77533504  -  Run Bytes Received By Job
	55503  -  Total Bytes Sent By Job
	77533504  -  Total Bytes Received By Job
	Partitionable Resources :       Usage  Request Allocated 
	   Cpus                 :        0.04        4         4 
	   Disk (KB)            : 18875498          30    318330 
	   Ioheavy              :                              0 
	   Memory (MB)          :     2290       24576     24576 
...
005 (56142217.007.000) 05/16 08:52:42 Job terminated.
	(1) Normal termination (return value 0)
		Usr 0 00:28:22, Sys 0 00:01:05  -  Run Remote Usage
		Usr 0 00:00:00, Sys 0 00:00:00  -  Run Local Usage
		Usr 0 00:28:22, Sys 0 00:01:05  -  Total Remote Usage
		Usr 0 00:00:00, Sys 0 00:00:00  -  Total Local Usage
	55504  -  Run Bytes Sent By Job
	77533504  -  Run Bytes Received By Job
	55504  -  Total Bytes Sent By Job
	77533504  -  Total Bytes Received By Job
	Partitionable Resources :       Usage  Request Allocated 
	   Cpus                 :        0.04        4         4 
	   Disk (KB)            : 18796668          30    318882 
	   Ioheavy              :                              0 
	   Memory (MB)          :     2217       24576     24576 
...
005 (56142217.006.000) 05/16 08:53:57 Job terminated.
	(1) Normal termination (return value 0)
		Usr 0 00:28:31, Sys 0 00:01:05  -  Run Remote Usage
		Usr 0 00:00:00, Sys 0 00:00:00  -  Run Local Usage
		Usr 0 00:28:31, Sys 0 00:01:05  -  Total Remote Usage
		Usr 0 00:00:00, Sys 0 00:00:00  -  Total Local Usage
	55506  -  Run Bytes Sent By Job
	77533504  -  Run Bytes Received By Job
	55506  -  Total Bytes Sent By Job
	77533504  -  Total Bytes Received By Job
	Partitionable Resources :       Usage  Request Allocated 
	   Cpus                 :        0.03        4         4 
	   Disk (KB)            : 18810371          30    318882 
	   Ioheavy              :                              0 
	   Memory (MB)          :     2236       24576     24576 
...
